{"/home/travis/build/npmtest/node-npmtest-node-readability/test.js":{"path":"/home/travis/build/npmtest/node-npmtest-node-readability/test.js","s":{"1":2,"2":2,"3":2,"4":2,"5":2,"6":2,"7":2,"8":1,"9":2,"10":2,"11":1,"12":1,"13":1,"14":1,"15":2,"16":2,"17":2,"18":2,"19":1,"20":1,"21":2,"22":2,"23":2,"24":1,"25":1,"26":1,"27":1,"28":1,"29":1,"30":1,"31":1,"32":1,"33":1,"34":1,"35":1,"36":1,"37":1,"38":1,"39":2,"40":2,"41":1,"42":2,"43":2,"44":1,"45":2,"46":2,"47":1,"48":2,"49":2,"50":1,"51":1,"52":1,"53":1,"54":1},"b":{"1":[2,1,1,1],"2":[1,1,1,1],"3":[1,1],"4":[1,1],"5":[1,1],"6":[1,1],"7":[1,1],"8":[1,1],"9":[1,1],"10":[1,1,1],"11":[1,1],"12":[1,1],"13":[1,1],"14":[1,1],"15":[1,1],"16":[1,1],"17":[1,1]},"f":{"1":2,"2":2,"3":2,"4":2,"5":2,"6":1,"7":1,"8":1,"9":2,"10":2,"11":2,"12":2,"13":1},"fnMap":{"1":{"name":"(anonymous_1)","line":12,"loc":{"start":{"line":12,"column":1},"end":{"line":12,"column":13}}},"2":{"name":"(anonymous_2)","line":19,"loc":{"start":{"line":19,"column":5},"end":{"line":19,"column":17}}},"3":{"name":"(anonymous_3)","line":23,"loc":{"start":{"line":23,"column":24},"end":{"line":23,"column":36}}},"4":{"name":"(anonymous_4)","line":61,"loc":{"start":{"line":61,"column":5},"end":{"line":61,"column":17}}},"5":{"name":"(anonymous_5)","line":82,"loc":{"start":{"line":82,"column":5},"end":{"line":82,"column":17}}},"6":{"name":"(anonymous_6)","line":91,"loc":{"start":{"line":91,"column":77},"end":{"line":94,"column":10}}},"7":{"name":"(anonymous_7)","line":112,"loc":{"start":{"line":112,"column":83},"end":{"line":115,"column":10}},"skip":true},"8":{"name":"(anonymous_8)","line":123,"loc":{"start":{"line":123,"column":77},"end":{"line":126,"column":10}},"skip":true},"9":{"name":"(anonymous_9)","line":139,"loc":{"start":{"line":139,"column":12},"end":{"line":139,"column":40}},"skip":true},"10":{"name":"(anonymous_10)","line":147,"loc":{"start":{"line":147,"column":77},"end":{"line":150,"column":10}},"skip":true},"11":{"name":"(anonymous_11)","line":158,"loc":{"start":{"line":158,"column":83},"end":{"line":161,"column":10}},"skip":true},"12":{"name":"(anonymous_12)","line":169,"loc":{"start":{"line":169,"column":79},"end":{"line":172,"column":10}},"skip":true},"13":{"name":"(anonymous_13)","line":180,"loc":{"start":{"line":180,"column":75},"end":{"line":183,"column":10}},"skip":true}},"statementMap":{"1":{"start":{"line":12,"column":0},"end":{"line":195,"column":5}},"2":{"start":{"line":14,"column":4},"end":{"line":14,"column":14}},"3":{"start":{"line":19,"column":4},"end":{"line":56,"column":9}},"4":{"start":{"line":21,"column":8},"end":{"line":21,"column":19}},"5":{"start":{"line":23,"column":8},"end":{"line":35,"column":13}},"6":{"start":{"line":24,"column":12},"end":{"line":34,"column":13}},"7":{"start":{"line":25,"column":16},"end":{"line":28,"column":30}},"8":{"start":{"line":30,"column":16},"end":{"line":33,"column":27}},"9":{"start":{"line":37,"column":8},"end":{"line":39,"column":21}},"10":{"start":{"line":40,"column":8},"end":{"line":53,"column":9}},"11":{"start":{"line":43,"column":12},"end":{"line":46,"column":14}},"12":{"start":{"line":47,"column":12},"end":{"line":47,"column":18}},"13":{"start":{"line":50,"column":12},"end":{"line":51,"column":46}},"14":{"start":{"line":52,"column":12},"end":{"line":52,"column":18}},"15":{"start":{"line":55,"column":8},"end":{"line":55,"column":35}},"16":{"start":{"line":61,"column":4},"end":{"line":63,"column":9}},"17":{"start":{"line":62,"column":8},"end":{"line":62,"column":15}},"18":{"start":{"line":64,"column":4},"end":{"line":77,"column":5}},"19":{"start":{"line":70,"column":8},"end":{"line":70,"column":14}},"20":{"start":{"line":76,"column":8},"end":{"line":76,"column":14}},"21":{"start":{"line":82,"column":4},"end":{"line":84,"column":9}},"22":{"start":{"line":83,"column":8},"end":{"line":83,"column":15}},"23":{"start":{"line":85,"column":4},"end":{"line":194,"column":5}},"24":{"start":{"line":91,"column":8},"end":{"line":99,"column":10}},"25":{"start":{"line":98,"column":12},"end":{"line":98,"column":35}},"26":{"start":{"line":102,"column":8},"end":{"line":104,"column":63}},"27":{"start":{"line":105,"column":8},"end":{"line":105,"column":14}},"28":{"start":{"line":112,"column":8},"end":{"line":121,"column":10},"skip":true},"29":{"start":{"line":119,"column":12},"end":{"line":119,"column":55},"skip":true},"30":{"start":{"line":120,"column":12},"end":{"line":120,"column":48},"skip":true},"31":{"start":{"line":123,"column":8},"end":{"line":136,"column":10},"skip":true},"32":{"start":{"line":130,"column":12},"end":{"line":130,"column":76},"skip":true},"33":{"start":{"line":131,"column":12},"end":{"line":131,"column":73},"skip":true},"34":{"start":{"line":132,"column":12},"end":{"line":132,"column":74},"skip":true},"35":{"start":{"line":133,"column":12},"end":{"line":133,"column":79},"skip":true},"36":{"start":{"line":134,"column":12},"end":{"line":134,"column":25},"skip":true},"37":{"start":{"line":135,"column":12},"end":{"line":135,"column":45},"skip":true},"38":{"start":{"line":138,"column":8},"end":{"line":145,"column":14},"skip":true},"39":{"start":{"line":143,"column":16},"end":{"line":143,"column":29},"skip":true},"40":{"start":{"line":144,"column":16},"end":{"line":144,"column":55},"skip":true},"41":{"start":{"line":147,"column":8},"end":{"line":156,"column":10},"skip":true},"42":{"start":{"line":154,"column":12},"end":{"line":154,"column":25},"skip":true},"43":{"start":{"line":155,"column":12},"end":{"line":155,"column":45},"skip":true},"44":{"start":{"line":158,"column":8},"end":{"line":167,"column":10},"skip":true},"45":{"start":{"line":165,"column":12},"end":{"line":165,"column":25},"skip":true},"46":{"start":{"line":166,"column":12},"end":{"line":166,"column":48},"skip":true},"47":{"start":{"line":169,"column":8},"end":{"line":178,"column":10},"skip":true},"48":{"start":{"line":176,"column":12},"end":{"line":176,"column":25},"skip":true},"49":{"start":{"line":177,"column":12},"end":{"line":177,"column":46},"skip":true},"50":{"start":{"line":180,"column":8},"end":{"line":189,"column":10},"skip":true},"51":{"start":{"line":187,"column":12},"end":{"line":187,"column":94},"skip":true},"52":{"start":{"line":188,"column":12},"end":{"line":188,"column":48},"skip":true},"53":{"start":{"line":192,"column":8},"end":{"line":192,"column":35},"skip":true},"54":{"start":{"line":193,"column":8},"end":{"line":193,"column":14},"skip":true}},"branchMap":{"1":{"line":25,"type":"binary-expr","locations":[{"start":{"line":25,"column":23},"end":{"line":25,"column":62}},{"start":{"line":26,"column":20},"end":{"line":26,"column":70}},{"start":{"line":27,"column":20},"end":{"line":27,"column":71}},{"start":{"line":28,"column":20},"end":{"line":28,"column":29}}]},"2":{"line":30,"type":"binary-expr","locations":[{"start":{"line":30,"column":23},"end":{"line":30,"column":37}},{"start":{"line":31,"column":20},"end":{"line":31,"column":61}},{"start":{"line":32,"column":20},"end":{"line":32,"column":70}},{"start":{"line":33,"column":20},"end":{"line":33,"column":26}}]},"3":{"line":37,"type":"cond-expr","locations":[{"start":{"line":38,"column":14},"end":{"line":38,"column":20}},{"start":{"line":39,"column":14},"end":{"line":39,"column":20}}]},"4":{"line":40,"type":"switch","locations":[{"start":{"line":42,"column":8},"end":{"line":47,"column":18}},{"start":{"line":49,"column":8},"end":{"line":52,"column":18}}]},"5":{"line":44,"type":"binary-expr","locations":[{"start":{"line":44,"column":16},"end":{"line":44,"column":44}},{"start":{"line":44,"column":48},"end":{"line":44,"column":66}}]},"6":{"line":50,"type":"binary-expr","locations":[{"start":{"line":50,"column":21},"end":{"line":50,"column":49}},{"start":{"line":50,"column":53},"end":{"line":50,"column":72}}]},"7":{"line":64,"type":"switch","locations":[{"start":{"line":69,"column":4},"end":{"line":70,"column":14}},{"start":{"line":75,"column":4},"end":{"line":76,"column":14}}]},"8":{"line":85,"type":"switch","locations":[{"start":{"line":90,"column":4},"end":{"line":105,"column":14}},{"start":{"line":111,"column":4},"end":{"line":193,"column":14},"skip":true}]},"9":{"line":91,"type":"binary-expr","locations":[{"start":{"line":91,"column":42},"end":{"line":91,"column":73}},{"start":{"line":91,"column":77},"end":{"line":99,"column":9}}]},"10":{"line":102,"type":"binary-expr","locations":[{"start":{"line":102,"column":18},"end":{"line":102,"column":32}},{"start":{"line":103,"column":12},"end":{"line":103,"column":53}},{"start":{"line":104,"column":12},"end":{"line":104,"column":61}}]},"11":{"line":112,"type":"binary-expr","locations":[{"start":{"line":112,"column":45},"end":{"line":112,"column":79},"skip":true},{"start":{"line":112,"column":83},"end":{"line":121,"column":9},"skip":true}]},"12":{"line":123,"type":"binary-expr","locations":[{"start":{"line":123,"column":42},"end":{"line":123,"column":73},"skip":true},{"start":{"line":123,"column":77},"end":{"line":136,"column":9},"skip":true}]},"13":{"line":138,"type":"binary-expr","locations":[{"start":{"line":138,"column":48},"end":{"line":138,"column":85},"skip":true},{"start":{"line":139,"column":12},"end":{"line":145,"column":13},"skip":true}]},"14":{"line":147,"type":"binary-expr","locations":[{"start":{"line":147,"column":42},"end":{"line":147,"column":73},"skip":true},{"start":{"line":147,"column":77},"end":{"line":156,"column":9},"skip":true}]},"15":{"line":158,"type":"binary-expr","locations":[{"start":{"line":158,"column":45},"end":{"line":158,"column":79},"skip":true},{"start":{"line":158,"column":83},"end":{"line":167,"column":9},"skip":true}]},"16":{"line":169,"type":"binary-expr","locations":[{"start":{"line":169,"column":43},"end":{"line":169,"column":75},"skip":true},{"start":{"line":169,"column":79},"end":{"line":178,"column":9},"skip":true}]},"17":{"line":180,"type":"binary-expr","locations":[{"start":{"line":180,"column":41},"end":{"line":180,"column":71},"skip":true},{"start":{"line":180,"column":75},"end":{"line":189,"column":9},"skip":true}]}},"code":["/* istanbul instrument in package npmtest_node_readability */","/*jslint","    bitwise: true,","    browser: true,","    maxerr: 8,","    maxlen: 96,","    node: true,","    nomen: true,","    regexp: true,","    stupid: true","*/","(function () {","    'use strict';","    var local;","","","","    // run shared js-env code - pre-init","    (function () {","        // init local","        local = {};","        // init modeJs","        local.modeJs = (function () {","            try {","                return typeof navigator.userAgent === 'string' &&","                    typeof document.querySelector('body') === 'object' &&","                    typeof XMLHttpRequest.prototype.open === 'function' &&","                    'browser';","            } catch (errorCaughtBrowser) {","                return module.exports &&","                    typeof process.versions.node === 'string' &&","                    typeof require('http').createServer === 'function' &&","                    'node';","            }","        }());","        // init global","        local.global = local.modeJs === 'browser'","            ? window","            : global;","        switch (local.modeJs) {","        // re-init local from window.local","        case 'browser':","            local = local.global.utility2.objectSetDefault(","                local.global.utility2_rollup || local.global.local,","                local.global.utility2","            );","            break;","        // re-init local from example.js","        case 'node':","            local = (local.global.utility2_rollup || require('utility2'))","                .requireExampleJsFromReadme();","            break;","        }","        // export local","        local.global.local = local;","    }());","","","","    // run shared js-env code - function","    (function () {","        return;","    }());","    switch (local.modeJs) {","","","","    // run browser js-env code - function","    case 'browser':","        break;","","","","    // run node js-env code - function","    case 'node':","        break;","    }","","","","    // run shared js-env code - post-init","    (function () {","        return;","    }());","    switch (local.modeJs) {","","","","    // run browser js-env code - post-init","    case 'browser':","        local.testCase_browser_nullCase = local.testCase_browser_nullCase || function (","            options,","            onError","        ) {","        /*","         * this function will test browsers's null-case handling-behavior-behavior","         */","            onError(null, options);","        };","","        // run tests","        local.nop(local.modeTest &&","            document.querySelector('#testRunButton1') &&","            document.querySelector('#testRunButton1').click());","        break;","","","","    // run node js-env code - post-init","    /* istanbul ignore next */","    case 'node':","        local.testCase_buildApidoc_default = local.testCase_buildApidoc_default || function (","            options,","            onError","        ) {","        /*","         * this function will test buildApidoc's default handling-behavior-behavior","         */","            options = { modulePathList: module.paths };","            local.buildApidoc(options, onError);","        };","","        local.testCase_buildApp_default = local.testCase_buildApp_default || function (","            options,","            onError","        ) {","        /*","         * this function will test buildApp's default handling-behavior-behavior","         */","            local.testCase_buildReadme_default(options, local.onErrorThrow);","            local.testCase_buildLib_default(options, local.onErrorThrow);","            local.testCase_buildTest_default(options, local.onErrorThrow);","            local.testCase_buildCustomOrg_default(options, local.onErrorThrow);","            options = [];","            local.buildApp(options, onError);","        };","","        local.testCase_buildCustomOrg_default = local.testCase_buildCustomOrg_default ||","            function (options, onError) {","            /*","             * this function will test buildCustomOrg's default handling-behavior","             */","                options = {};","                local.buildCustomOrg(options, onError);","            };","","        local.testCase_buildLib_default = local.testCase_buildLib_default || function (","            options,","            onError","        ) {","        /*","         * this function will test buildLib's default handling-behavior","         */","            options = {};","            local.buildLib(options, onError);","        };","","        local.testCase_buildReadme_default = local.testCase_buildReadme_default || function (","            options,","            onError","        ) {","        /*","         * this function will test buildReadme's default handling-behavior-behavior","         */","            options = {};","            local.buildReadme(options, onError);","        };","","        local.testCase_buildTest_default = local.testCase_buildTest_default || function (","            options,","            onError","        ) {","        /*","         * this function will test buildTest's default handling-behavior","         */","            options = {};","            local.buildTest(options, onError);","        };","","        local.testCase_webpage_default = local.testCase_webpage_default || function (","            options,","            onError","        ) {","        /*","         * this function will test webpage's default handling-behavior","         */","            options = { modeCoverageMerge: true, url: local.serverLocalHost + '?modeTest=1' };","            local.browserTest(options, onError);","        };","","        // run test-server","        local.testRunServer(local);","        break;","    }","}());",""],"l":{"12":2,"14":2,"19":2,"21":2,"23":2,"24":2,"25":2,"30":1,"37":2,"40":2,"43":1,"47":1,"50":1,"52":1,"55":2,"61":2,"62":2,"64":2,"70":1,"76":1,"82":2,"83":2,"85":2,"91":1,"98":1,"102":1,"105":1,"112":1,"119":1,"120":1,"123":1,"130":1,"131":1,"132":1,"133":1,"134":1,"135":1,"138":1,"143":2,"144":2,"147":1,"154":2,"155":2,"158":1,"165":2,"166":2,"169":1,"176":2,"177":2,"180":1,"187":1,"188":1,"192":1,"193":1}},"/home/travis/build/npmtest/node-npmtest-node-readability/lib.npmtest_node_readability.js":{"path":"/home/travis/build/npmtest/node-npmtest-node-readability/lib.npmtest_node_readability.js","s":{"1":2,"2":2,"3":2,"4":2,"5":2,"6":2,"7":2,"8":1,"9":2,"10":2,"11":2,"12":2,"13":1,"14":1,"15":1,"16":1},"b":{"1":[2,1,1,1],"2":[1,1,1,1],"3":[1,1],"4":[2,2],"5":[1,1]},"f":{"1":2,"2":2,"3":2},"fnMap":{"1":{"name":"(anonymous_1)","line":12,"loc":{"start":{"line":12,"column":1},"end":{"line":12,"column":13}}},"2":{"name":"(anonymous_2)","line":19,"loc":{"start":{"line":19,"column":5},"end":{"line":19,"column":17}}},"3":{"name":"(anonymous_3)","line":23,"loc":{"start":{"line":23,"column":24},"end":{"line":23,"column":36}}}},"statementMap":{"1":{"start":{"line":12,"column":0},"end":{"line":53,"column":5}},"2":{"start":{"line":14,"column":4},"end":{"line":14,"column":14}},"3":{"start":{"line":19,"column":4},"end":{"line":52,"column":9}},"4":{"start":{"line":21,"column":8},"end":{"line":21,"column":19}},"5":{"start":{"line":23,"column":8},"end":{"line":35,"column":13}},"6":{"start":{"line":24,"column":12},"end":{"line":34,"column":13}},"7":{"start":{"line":25,"column":16},"end":{"line":28,"column":30}},"8":{"start":{"line":30,"column":16},"end":{"line":33,"column":27}},"9":{"start":{"line":37,"column":8},"end":{"line":39,"column":21}},"10":{"start":{"line":41,"column":8},"end":{"line":41,"column":54}},"11":{"start":{"line":43,"column":8},"end":{"line":43,"column":61}},"12":{"start":{"line":45,"column":8},"end":{"line":51,"column":9}},"13":{"start":{"line":46,"column":12},"end":{"line":46,"column":67}},"14":{"start":{"line":48,"column":12},"end":{"line":48,"column":35}},"15":{"start":{"line":49,"column":12},"end":{"line":49,"column":49}},"16":{"start":{"line":50,"column":12},"end":{"line":50,"column":43}}},"branchMap":{"1":{"line":25,"type":"binary-expr","locations":[{"start":{"line":25,"column":23},"end":{"line":25,"column":62}},{"start":{"line":26,"column":20},"end":{"line":26,"column":70}},{"start":{"line":27,"column":20},"end":{"line":27,"column":71}},{"start":{"line":28,"column":20},"end":{"line":28,"column":29}}]},"2":{"line":30,"type":"binary-expr","locations":[{"start":{"line":30,"column":23},"end":{"line":30,"column":37}},{"start":{"line":31,"column":20},"end":{"line":31,"column":61}},{"start":{"line":32,"column":20},"end":{"line":32,"column":70}},{"start":{"line":33,"column":20},"end":{"line":33,"column":26}}]},"3":{"line":37,"type":"cond-expr","locations":[{"start":{"line":38,"column":14},"end":{"line":38,"column":20}},{"start":{"line":39,"column":14},"end":{"line":39,"column":20}}]},"4":{"line":41,"type":"binary-expr","locations":[{"start":{"line":41,"column":16},"end":{"line":41,"column":44}},{"start":{"line":41,"column":48},"end":{"line":41,"column":53}}]},"5":{"line":45,"type":"if","locations":[{"start":{"line":45,"column":8},"end":{"line":45,"column":8}},{"start":{"line":45,"column":8},"end":{"line":45,"column":8}}]}},"code":["/* istanbul instrument in package npmtest_node_readability */","/*jslint","    bitwise: true,","    browser: true,","    maxerr: 8,","    maxlen: 96,","    node: true,","    nomen: true,","    regexp: true,","    stupid: true","*/","(function () {","    'use strict';","    var local;","","","","    // run shared js-env code - pre-init","    (function () {","        // init local","        local = {};","        // init modeJs","        local.modeJs = (function () {","            try {","                return typeof navigator.userAgent === 'string' &&","                    typeof document.querySelector('body') === 'object' &&","                    typeof XMLHttpRequest.prototype.open === 'function' &&","                    'browser';","            } catch (errorCaughtBrowser) {","                return module.exports &&","                    typeof process.versions.node === 'string' &&","                    typeof require('http').createServer === 'function' &&","                    'node';","            }","        }());","        // init global","        local.global = local.modeJs === 'browser'","            ? window","            : global;","        // init utility2_rollup","        local = local.global.utility2_rollup || local;","        // init lib","        local.local = local.npmtest_node_readability = local;","        // init exports","        if (local.modeJs === 'browser') {","            local.global.utility2_npmtest_node_readability = local;","        } else {","            module.exports = local;","            module.exports.__dirname = __dirname;","            module.exports.module = module;","        }","    }());","}());",""],"l":{"12":2,"14":2,"19":2,"21":2,"23":2,"24":2,"25":2,"30":1,"37":2,"41":2,"43":2,"45":2,"46":1,"48":1,"49":1,"50":1}},"/home/travis/build/npmtest/node-npmtest-node-readability/example.js":{"path":"/home/travis/build/npmtest/node-npmtest-node-readability/example.js","s":{"1":2,"2":2,"3":2,"4":2,"5":2,"6":2,"7":2,"8":1,"9":2,"10":2,"11":2,"12":2,"13":1,"14":2,"15":2,"16":2,"17":2,"18":2,"19":0,"20":2,"21":1,"22":1,"23":1,"24":1,"25":1,"26":0,"27":0,"28":1,"29":1,"30":2,"31":0,"32":0,"33":0,"34":1,"35":2,"36":2,"37":3,"38":3,"39":3,"40":3,"41":0,"42":3,"43":3,"44":3,"45":1,"46":3,"47":1,"48":1,"49":1,"50":1,"51":1,"52":1,"53":1,"54":1,"55":1,"56":1,"57":0,"58":1,"59":6,"60":6,"61":1,"62":2,"63":0,"64":2,"65":1,"66":1,"67":0,"68":0,"69":0,"70":0,"71":0,"72":0,"73":0,"74":0,"75":0,"76":0,"77":0,"78":0,"79":0,"80":0,"81":0,"82":0,"83":0},"b":{"1":[2,1,1,1],"2":[1,1,1,1],"3":[1,1],"4":[2,2],"5":[1,1],"6":[1,1],"7":[2,0],"8":[2,1,1,1,1,1],"9":[0,2,0],"10":[1,1],"11":[2,1,1],"12":[1,0],"13":[0,2],"14":[2,0,0,0,0,0,0],"15":[0,3],"16":[3,0],"17":[1,1],"18":[0,1],"19":[1,2,0,2],"20":[1,0],"21":[1,1],"22":[0,0],"23":[0,0],"24":[0,0],"25":[0,0],"26":[0,0],"27":[0,0],"28":[0,0]},"f":{"1":2,"2":2,"3":2,"4":2,"5":2,"6":2,"7":3,"8":3,"9":3,"10":1,"11":6,"12":0},"fnMap":{"1":{"name":"(anonymous_1)","line":26,"loc":{"start":{"line":26,"column":1},"end":{"line":26,"column":13}}},"2":{"name":"(anonymous_2)","line":33,"loc":{"start":{"line":33,"column":5},"end":{"line":33,"column":17}}},"3":{"name":"(anonymous_3)","line":37,"loc":{"start":{"line":37,"column":24},"end":{"line":37,"column":36}}},"4":{"name":"(anonymous_4)","line":69,"loc":{"start":{"line":69,"column":31},"end":{"line":69,"column":48}},"skip":true},"5":{"name":"(anonymous_5)","line":78,"loc":{"start":{"line":78,"column":26},"end":{"line":78,"column":45}},"skip":true},"6":{"name":"(anonymous_6)","line":123,"loc":{"start":{"line":123,"column":33},"end":{"line":123,"column":48}},"skip":true},"7":{"name":"(anonymous_7)","line":125,"loc":{"start":{"line":125,"column":27},"end":{"line":125,"column":39}},"skip":true},"8":{"name":"(anonymous_8)","line":133,"loc":{"start":{"line":133,"column":59},"end":{"line":133,"column":74}},"skip":true},"9":{"name":"(anonymous_9)","line":143,"loc":{"start":{"line":143,"column":45},"end":{"line":143,"column":62}},"skip":true},"10":{"name":"(anonymous_10)","line":144,"loc":{"start":{"line":144,"column":73},"end":{"line":144,"column":92}},"skip":true},"11":{"name":"(anonymous_11)","line":272,"loc":{"start":{"line":272,"column":51},"end":{"line":272,"column":77}},"skip":true},"12":{"name":"(anonymous_12)","line":315,"loc":{"start":{"line":315,"column":32},"end":{"line":315,"column":61}},"skip":true}},"statementMap":{"1":{"start":{"line":26,"column":0},"end":{"line":326,"column":5}},"2":{"start":{"line":28,"column":4},"end":{"line":28,"column":14}},"3":{"start":{"line":33,"column":4},"end":{"line":60,"column":9}},"4":{"start":{"line":35,"column":8},"end":{"line":35,"column":19}},"5":{"start":{"line":37,"column":8},"end":{"line":49,"column":13}},"6":{"start":{"line":38,"column":12},"end":{"line":48,"column":13}},"7":{"start":{"line":39,"column":16},"end":{"line":42,"column":30}},"8":{"start":{"line":44,"column":16},"end":{"line":47,"column":27}},"9":{"start":{"line":51,"column":8},"end":{"line":53,"column":21}},"10":{"start":{"line":55,"column":8},"end":{"line":57,"column":45}},"11":{"start":{"line":59,"column":8},"end":{"line":59,"column":35}},"12":{"start":{"line":61,"column":4},"end":{"line":325,"column":5}},"13":{"start":{"line":69,"column":8},"end":{"line":121,"column":10},"skip":true},"14":{"start":{"line":70,"column":12},"end":{"line":88,"column":13},"skip":true},"15":{"start":{"line":76,"column":16},"end":{"line":87,"column":19},"skip":true},"16":{"start":{"line":79,"column":20},"end":{"line":86,"column":21},"skip":true},"17":{"start":{"line":82,"column":24},"end":{"line":82,"column":43},"skip":true},"18":{"start":{"line":83,"column":24},"end":{"line":83,"column":30},"skip":true},"19":{"start":{"line":85,"column":24},"end":{"line":85,"column":49},"skip":true},"20":{"start":{"line":89,"column":12},"end":{"line":107,"column":13},"skip":true},"21":{"start":{"line":92,"column":16},"end":{"line":102,"column":17},"skip":true},"22":{"start":{"line":93,"column":20},"end":{"line":93,"column":86},"skip":true},"23":{"start":{"line":94,"column":20},"end":{"line":95,"column":45},"skip":true},"24":{"start":{"line":96,"column":20},"end":{"line":96,"column":42},"skip":true},"25":{"start":{"line":97,"column":20},"end":{"line":97,"column":48},"skip":true},"26":{"start":{"line":100,"column":20},"end":{"line":100,"column":85},"skip":true},"27":{"start":{"line":101,"column":20},"end":{"line":101,"column":96},"skip":true},"28":{"start":{"line":103,"column":16},"end":{"line":103,"column":22},"skip":true},"29":{"start":{"line":106,"column":16},"end":{"line":106,"column":22},"skip":true},"30":{"start":{"line":108,"column":12},"end":{"line":120,"column":13},"skip":true},"31":{"start":{"line":114,"column":16},"end":{"line":119,"column":17},"skip":true},"32":{"start":{"line":116,"column":20},"end":{"line":116,"column":78},"skip":true},"33":{"start":{"line":118,"column":20},"end":{"line":118,"column":47},"skip":true},"34":{"start":{"line":123,"column":8},"end":{"line":141,"column":11},"skip":true},"35":{"start":{"line":124,"column":12},"end":{"line":124,"column":54},"skip":true},"36":{"start":{"line":125,"column":12},"end":{"line":140,"column":14},"skip":true},"37":{"start":{"line":126,"column":16},"end":{"line":126,"column":28},"skip":true},"38":{"start":{"line":127,"column":16},"end":{"line":127,"column":69},"skip":true},"39":{"start":{"line":128,"column":16},"end":{"line":128,"column":75},"skip":true},"40":{"start":{"line":129,"column":16},"end":{"line":131,"column":17},"skip":true},"41":{"start":{"line":130,"column":20},"end":{"line":130,"column":27},"skip":true},"42":{"start":{"line":133,"column":16},"end":{"line":137,"column":36},"skip":true},"43":{"start":{"line":134,"column":20},"end":{"line":136,"column":55},"skip":true},"44":{"start":{"line":139,"column":16},"end":{"line":139,"column":57},"skip":true},"45":{"start":{"line":143,"column":8},"end":{"line":147,"column":11},"skip":true},"46":{"start":{"line":144,"column":12},"end":{"line":146,"column":15},"skip":true},"47":{"start":{"line":145,"column":16},"end":{"line":145,"column":70},"skip":true},"48":{"start":{"line":149,"column":8},"end":{"line":149,"column":31},"skip":true},"49":{"start":{"line":150,"column":8},"end":{"line":150,"column":14},"skip":true},"50":{"start":{"line":158,"column":8},"end":{"line":158,"column":31},"skip":true},"51":{"start":{"line":160,"column":8},"end":{"line":160,"column":33},"skip":true},"52":{"start":{"line":161,"column":8},"end":{"line":161,"column":37},"skip":true},"53":{"start":{"line":162,"column":8},"end":{"line":162,"column":35},"skip":true},"54":{"start":{"line":164,"column":8},"end":{"line":164,"column":50},"skip":true},"55":{"start":{"line":166,"column":8},"end":{"line":256,"column":2},"skip":true},"56":{"start":{"line":258,"column":8},"end":{"line":286,"column":9},"skip":true},"57":{"start":{"line":259,"column":12},"end":{"line":269,"column":14},"skip":true},"58":{"start":{"line":271,"column":12},"end":{"line":285,"column":19},"skip":true},"59":{"start":{"line":274,"column":20},"end":{"line":274,"column":35},"skip":true},"60":{"start":{"line":275,"column":20},"end":{"line":284,"column":21},"skip":true},"61":{"start":{"line":277,"column":24},"end":{"line":277,"column":64},"skip":true},"62":{"start":{"line":279,"column":24},"end":{"line":279,"column":40},"skip":true},"63":{"start":{"line":281,"column":24},"end":{"line":281,"column":40},"skip":true},"64":{"start":{"line":283,"column":24},"end":{"line":283,"column":39},"skip":true},"65":{"start":{"line":288,"column":8},"end":{"line":290,"column":9},"skip":true},"66":{"start":{"line":289,"column":12},"end":{"line":289,"column":18},"skip":true},"67":{"start":{"line":291,"column":8},"end":{"line":293,"column":54},"skip":true},"68":{"start":{"line":296,"column":8},"end":{"line":301,"column":37},"skip":true},"69":{"start":{"line":303,"column":8},"end":{"line":303,"column":82},"skip":true},"70":{"start":{"line":306,"column":8},"end":{"line":308,"column":9},"skip":true},"71":{"start":{"line":307,"column":12},"end":{"line":307,"column":82},"skip":true},"72":{"start":{"line":310,"column":8},"end":{"line":312,"column":9},"skip":true},"73":{"start":{"line":311,"column":12},"end":{"line":311,"column":18},"skip":true},"74":{"start":{"line":313,"column":8},"end":{"line":313,"column":54},"skip":true},"75":{"start":{"line":314,"column":8},"end":{"line":314,"column":69},"skip":true},"76":{"start":{"line":315,"column":8},"end":{"line":323,"column":36},"skip":true},"77":{"start":{"line":316,"column":12},"end":{"line":316,"column":61},"skip":true},"78":{"start":{"line":317,"column":12},"end":{"line":320,"column":13},"skip":true},"79":{"start":{"line":318,"column":16},"end":{"line":318,"column":75},"skip":true},"80":{"start":{"line":319,"column":16},"end":{"line":319,"column":23},"skip":true},"81":{"start":{"line":321,"column":12},"end":{"line":321,"column":38},"skip":true},"82":{"start":{"line":322,"column":12},"end":{"line":322,"column":27},"skip":true},"83":{"start":{"line":324,"column":8},"end":{"line":324,"column":14},"skip":true}},"branchMap":{"1":{"line":39,"type":"binary-expr","locations":[{"start":{"line":39,"column":23},"end":{"line":39,"column":62}},{"start":{"line":40,"column":20},"end":{"line":40,"column":70}},{"start":{"line":41,"column":20},"end":{"line":41,"column":71}},{"start":{"line":42,"column":20},"end":{"line":42,"column":29}}]},"2":{"line":44,"type":"binary-expr","locations":[{"start":{"line":44,"column":23},"end":{"line":44,"column":37}},{"start":{"line":45,"column":20},"end":{"line":45,"column":61}},{"start":{"line":46,"column":20},"end":{"line":46,"column":70}},{"start":{"line":47,"column":20},"end":{"line":47,"column":26}}]},"3":{"line":51,"type":"cond-expr","locations":[{"start":{"line":52,"column":14},"end":{"line":52,"column":20}},{"start":{"line":53,"column":14},"end":{"line":53,"column":20}}]},"4":{"line":55,"type":"binary-expr","locations":[{"start":{"line":55,"column":16},"end":{"line":55,"column":44}},{"start":{"line":55,"column":49},"end":{"line":57,"column":43}}]},"5":{"line":55,"type":"cond-expr","locations":[{"start":{"line":56,"column":14},"end":{"line":56,"column":60}},{"start":{"line":57,"column":14},"end":{"line":57,"column":43}}]},"6":{"line":61,"type":"switch","locations":[{"start":{"line":68,"column":4},"end":{"line":150,"column":14},"skip":true},{"start":{"line":156,"column":4},"end":{"line":324,"column":14},"skip":true}]},"7":{"line":70,"type":"if","locations":[{"start":{"line":70,"column":12},"end":{"line":70,"column":12},"skip":true},{"start":{"line":70,"column":12},"end":{"line":70,"column":12},"skip":true}]},"8":{"line":70,"type":"binary-expr","locations":[{"start":{"line":70,"column":16},"end":{"line":70,"column":22},"skip":true},{"start":{"line":70,"column":27},"end":{"line":70,"column":32},"skip":true},{"start":{"line":71,"column":20},"end":{"line":71,"column":39},"skip":true},{"start":{"line":72,"column":20},"end":{"line":72,"column":49},"skip":true},{"start":{"line":73,"column":20},"end":{"line":73,"column":58},"skip":true},{"start":{"line":74,"column":20},"end":{"line":74,"column":69},"skip":true}]},"9":{"line":79,"type":"switch","locations":[{"start":{"line":80,"column":20},"end":{"line":80,"column":33},"skip":true},{"start":{"line":81,"column":20},"end":{"line":83,"column":30},"skip":true},{"start":{"line":84,"column":20},"end":{"line":85,"column":49},"skip":true}]},"10":{"line":89,"type":"switch","locations":[{"start":{"line":90,"column":12},"end":{"line":103,"column":22},"skip":true},{"start":{"line":105,"column":12},"end":{"line":106,"column":22},"skip":true}]},"11":{"line":89,"type":"binary-expr","locations":[{"start":{"line":89,"column":20},"end":{"line":89,"column":25},"skip":true},{"start":{"line":89,"column":29},"end":{"line":89,"column":48},"skip":true},{"start":{"line":89,"column":52},"end":{"line":89,"column":74},"skip":true}]},"12":{"line":92,"type":"if","locations":[{"start":{"line":92,"column":16},"end":{"line":92,"column":16},"skip":true},{"start":{"line":92,"column":16},"end":{"line":92,"column":16},"skip":true}]},"13":{"line":108,"type":"if","locations":[{"start":{"line":108,"column":12},"end":{"line":108,"column":12},"skip":true},{"start":{"line":108,"column":12},"end":{"line":108,"column":12},"skip":true}]},"14":{"line":108,"type":"binary-expr","locations":[{"start":{"line":108,"column":16},"end":{"line":108,"column":61},"skip":true},{"start":{"line":108,"column":66},"end":{"line":108,"column":72},"skip":true},{"start":{"line":108,"column":77},"end":{"line":108,"column":82},"skip":true},{"start":{"line":109,"column":20},"end":{"line":109,"column":39},"skip":true},{"start":{"line":110,"column":20},"end":{"line":110,"column":49},"skip":true},{"start":{"line":111,"column":20},"end":{"line":111,"column":58},"skip":true},{"start":{"line":112,"column":20},"end":{"line":112,"column":68},"skip":true}]},"15":{"line":129,"type":"if","locations":[{"start":{"line":129,"column":16},"end":{"line":129,"column":16},"skip":true},{"start":{"line":129,"column":16},"end":{"line":129,"column":16},"skip":true}]},"16":{"line":134,"type":"cond-expr","locations":[{"start":{"line":135,"column":26},"end":{"line":135,"column":29},"skip":true},{"start":{"line":136,"column":26},"end":{"line":136,"column":54},"skip":true}]},"17":{"line":164,"type":"binary-expr","locations":[{"start":{"line":164,"column":27},"end":{"line":164,"column":43},"skip":true},{"start":{"line":164,"column":47},"end":{"line":164,"column":49},"skip":true}]},"18":{"line":258,"type":"if","locations":[{"start":{"line":258,"column":8},"end":{"line":258,"column":8},"skip":true},{"start":{"line":258,"column":8},"end":{"line":258,"column":8},"skip":true}]},"19":{"line":275,"type":"switch","locations":[{"start":{"line":276,"column":20},"end":{"line":277,"column":64},"skip":true},{"start":{"line":278,"column":20},"end":{"line":279,"column":40},"skip":true},{"start":{"line":280,"column":20},"end":{"line":281,"column":40},"skip":true},{"start":{"line":282,"column":20},"end":{"line":283,"column":39},"skip":true}]},"20":{"line":288,"type":"if","locations":[{"start":{"line":288,"column":8},"end":{"line":288,"column":8},"skip":true},{"start":{"line":288,"column":8},"end":{"line":288,"column":8},"skip":true}]},"21":{"line":288,"type":"binary-expr","locations":[{"start":{"line":288,"column":12},"end":{"line":288,"column":40},"skip":true},{"start":{"line":288,"column":44},"end":{"line":288,"column":67},"skip":true}]},"22":{"line":292,"type":"binary-expr","locations":[{"start":{"line":292,"column":12},"end":{"line":292,"column":50},"skip":true},{"start":{"line":293,"column":12},"end":{"line":293,"column":53},"skip":true}]},"23":{"line":297,"type":"binary-expr","locations":[{"start":{"line":297,"column":12},"end":{"line":297,"column":74},"skip":true},{"start":{"line":298,"column":12},"end":{"line":301,"column":36},"skip":true}]},"24":{"line":303,"type":"binary-expr","locations":[{"start":{"line":303,"column":43},"end":{"line":303,"column":75},"skip":true},{"start":{"line":303,"column":79},"end":{"line":303,"column":81},"skip":true}]},"25":{"line":306,"type":"if","locations":[{"start":{"line":306,"column":8},"end":{"line":306,"column":8},"skip":true},{"start":{"line":306,"column":8},"end":{"line":306,"column":8},"skip":true}]},"26":{"line":310,"type":"if","locations":[{"start":{"line":310,"column":8},"end":{"line":310,"column":8},"skip":true},{"start":{"line":310,"column":8},"end":{"line":310,"column":8},"skip":true}]},"27":{"line":313,"type":"binary-expr","locations":[{"start":{"line":313,"column":27},"end":{"line":313,"column":43},"skip":true},{"start":{"line":313,"column":47},"end":{"line":313,"column":53},"skip":true}]},"28":{"line":317,"type":"if","locations":[{"start":{"line":317,"column":12},"end":{"line":317,"column":12},"skip":true},{"start":{"line":317,"column":12},"end":{"line":317,"column":12},"skip":true}]}},"code":["/*","example.js","","quickstart example","","instruction","    1. save this script as example.js","    2. run the shell command:","        $ npm install npmtest-node-readability && PORT=8081 node example.js","    3. play with the browser-demo on http://127.0.0.1:8081","*/","","","","/* istanbul instrument in package npmtest_node_readability */","/*jslint","    bitwise: true,","    browser: true,","    maxerr: 8,","    maxlen: 96,","    node: true,","    nomen: true,","    regexp: true,","    stupid: true","*/","(function () {","    'use strict';","    var local;","","","","    // run shared js-env code - pre-init","    (function () {","        // init local","        local = {};","        // init modeJs","        local.modeJs = (function () {","            try {","                return typeof navigator.userAgent === 'string' &&","                    typeof document.querySelector('body') === 'object' &&","                    typeof XMLHttpRequest.prototype.open === 'function' &&","                    'browser';","            } catch (errorCaughtBrowser) {","                return module.exports &&","                    typeof process.versions.node === 'string' &&","                    typeof require('http').createServer === 'function' &&","                    'node';","            }","        }());","        // init global","        local.global = local.modeJs === 'browser'","            ? window","            : global;","        // init utility2_rollup","        local = local.global.utility2_rollup || (local.modeJs === 'browser'","            ? local.global.utility2_npmtest_node_readability","            : global.utility2_moduleExports);","        // export local","        local.global.local = local;","    }());","    switch (local.modeJs) {","","","","    // post-init","    // run browser js-env code - post-init","    /* istanbul ignore next */","    case 'browser':","        local.testRunBrowser = function (event) {","            if (!event || (event &&","                    event.currentTarget &&","                    event.currentTarget.className &&","                    event.currentTarget.className.includes &&","                    event.currentTarget.className.includes('onreset'))) {","                // reset output","                Array.from(","                    document.querySelectorAll('body > .resettable')","                ).forEach(function (element) {","                    switch (element.tagName) {","                    case 'INPUT':","                    case 'TEXTAREA':","                        element.value = '';","                        break;","                    default:","                        element.textContent = '';","                    }","                });","            }","            switch (event && event.currentTarget && event.currentTarget.id) {","            case 'testRunButton1':","                // show tests","                if (document.querySelector('#testReportDiv1').style.display === 'none') {","                    document.querySelector('#testReportDiv1').style.display = 'block';","                    document.querySelector('#testRunButton1').textContent =","                        'hide internal test';","                    local.modeTest = true;","                    local.testRunDefault(local);","                // hide tests","                } else {","                    document.querySelector('#testReportDiv1').style.display = 'none';","                    document.querySelector('#testRunButton1').textContent = 'run internal test';","                }","                break;","            // custom-case","            default:","                break;","            }","            if (document.querySelector('#inputTextareaEval1') && (!event || (event &&","                    event.currentTarget &&","                    event.currentTarget.className &&","                    event.currentTarget.className.includes &&","                    event.currentTarget.className.includes('oneval')))) {","                // try to eval input-code","                try {","                    /*jslint evil: true*/","                    eval(document.querySelector('#inputTextareaEval1').value);","                } catch (errorCaught) {","                    console.error(errorCaught);","                }","            }","        };","        // log stderr and stdout to #outputTextareaStdout1","        ['error', 'log'].forEach(function (key) {","            console[key + '_original'] = console[key];","            console[key] = function () {","                var element;","                console[key + '_original'].apply(console, arguments);","                element = document.querySelector('#outputTextareaStdout1');","                if (!element) {","                    return;","                }","                // append text to #outputTextareaStdout1","                element.value += Array.from(arguments).map(function (arg) {","                    return typeof arg === 'string'","                        ? arg","                        : JSON.stringify(arg, null, 4);","                }).join(' ') + '\\n';","                // scroll textarea to bottom","                element.scrollTop = element.scrollHeight;","            };","        });","        // init event-handling","        ['change', 'click', 'keyup'].forEach(function (event) {","            Array.from(document.querySelectorAll('.on' + event)).forEach(function (element) {","                element.addEventListener(event, local.testRunBrowser);","            });","        });","        // run tests","        local.testRunBrowser();","        break;","","","","    // run node js-env code - post-init","    /* istanbul ignore next */","    case 'node':","        // export local","        module.exports = local;","        // require modules","        local.fs = require('fs');","        local.http = require('http');","        local.url = require('url');","        // init assets","        local.assetsDict = local.assetsDict || {};","        /* jslint-ignore-begin */","        local.assetsDict['/assets.index.template.html'] = '\\","<!doctype html>\\n\\","<html lang=\"en\">\\n\\","<head>\\n\\","<meta charset=\"UTF-8\">\\n\\","<meta name=\"viewport\" content=\"width=device-width, initial-scale=1\">\\n\\","<title>{{env.npm_package_name}} (v{{env.npm_package_version}})</title>\\n\\","<style>\\n\\","/*csslint\\n\\","    box-sizing: false,\\n\\","    universal-selector: false\\n\\","*/\\n\\","* {\\n\\","    box-sizing: border-box;\\n\\","}\\n\\","body {\\n\\","    background: #dde;\\n\\","    font-family: Arial, Helvetica, sans-serif;\\n\\","    margin: 2rem;\\n\\","}\\n\\","body > * {\\n\\","    margin-bottom: 1rem;\\n\\","}\\n\\",".utility2FooterDiv {\\n\\","    margin-top: 20px;\\n\\","    text-align: center;\\n\\","}\\n\\","</style>\\n\\","<style>\\n\\","/*csslint\\n\\","*/\\n\\","textarea {\\n\\","    font-family: monospace;\\n\\","    height: 10rem;\\n\\","    width: 100%;\\n\\","}\\n\\","textarea[readonly] {\\n\\","    background: #ddd;\\n\\","}\\n\\","</style>\\n\\","</head>\\n\\","<body>\\n\\","<!-- utility2-comment\\n\\","<div id=\"ajaxProgressDiv1\" style=\"background: #d00; height: 2px; left: 0; margin: 0; padding: 0; position: fixed; top: 0; transition: background 0.5s, width 1.5s; width: 25%;\"></div>\\n\\","utility2-comment -->\\n\\","<h1>\\n\\","<!-- utility2-comment\\n\\","    <a\\n\\","        {{#if env.npm_package_homepage}}\\n\\","        href=\"{{env.npm_package_homepage}}\"\\n\\","        {{/if env.npm_package_homepage}}\\n\\","        target=\"_blank\"\\n\\","    >\\n\\","utility2-comment -->\\n\\","        {{env.npm_package_name}} (v{{env.npm_package_version}})\\n\\","<!-- utility2-comment\\n\\","    </a>\\n\\","utility2-comment -->\\n\\","</h1>\\n\\","<h3>{{env.npm_package_description}}</h3>\\n\\","<!-- utility2-comment\\n\\","<h4><a download href=\"assets.app.js\">download standalone app</a></h4>\\n\\","<button class=\"onclick onreset\" id=\"testRunButton1\">run internal test</button><br>\\n\\","<div id=\"testReportDiv1\" style=\"display: none;\"></div>\\n\\","utility2-comment -->\\n\\","\\n\\","\\n\\","\\n\\","<label>stderr and stdout</label>\\n\\","<textarea class=\"resettable\" id=\"outputTextareaStdout1\" readonly></textarea>\\n\\","<!-- utility2-comment\\n\\","{{#if isRollup}}\\n\\","<script src=\"assets.app.js\"></script>\\n\\","{{#unless isRollup}}\\n\\","utility2-comment -->\\n\\","<script src=\"assets.utility2.rollup.js\"></script>\\n\\","<script src=\"jsonp.utility2._stateInit?callback=window.utility2._stateInit\"></script>\\n\\","<script src=\"assets.npmtest_node_readability.rollup.js\"></script>\\n\\","<script src=\"assets.example.js\"></script>\\n\\","<script src=\"assets.test.js\"></script>\\n\\","<!-- utility2-comment\\n\\","{{/if isRollup}}\\n\\","utility2-comment -->\\n\\","<div class=\"utility2FooterDiv\">\\n\\","    [ this app was created with\\n\\","    <a href=\"https://github.com/kaizhu256/node-utility2\" target=\"_blank\">utility2</a>\\n\\","    ]\\n\\","</div>\\n\\","</body>\\n\\","</html>\\n\\","';","        /* jslint-ignore-end */","        if (local.templateRender) {","            local.assetsDict['/'] = local.templateRender(","                local.assetsDict['/assets.index.template.html'],","                {","                    env: local.objectSetDefault(local.env, {","                        npm_package_description: 'the greatest app in the world!',","                        npm_package_name: 'my-app',","                        npm_package_nameAlias: 'my_app',","                        npm_package_version: '0.0.1'","                    })","                }","            );","        } else {","            local.assetsDict['/'] = local.assetsDict['/assets.index.template.html']","                .replace((/\\{\\{env\\.(\\w+?)\\}\\}/g), function (match0, match1) {","                    // jslint-hack","                    String(match0);","                    switch (match1) {","                    case 'npm_package_description':","                        return 'the greatest app in the world!';","                    case 'npm_package_name':","                        return 'my-app';","                    case 'npm_package_nameAlias':","                        return 'my_app';","                    case 'npm_package_version':","                        return '0.0.1';","                    }","                });","        }","        // run the cli","        if (local.global.utility2_rollup || module !== require.main) {","            break;","        }","        local.assetsDict['/assets.example.js'] =","            local.assetsDict['/assets.example.js'] ||","            local.fs.readFileSync(__filename, 'utf8');","        // bug-workaround - long $npm_package_buildCustomOrg","        /* jslint-ignore-begin */","        local.assetsDict['/assets.npmtest_node_readability.rollup.js'] =","            local.assetsDict['/assets.npmtest_node_readability.rollup.js'] ||","            local.fs.readFileSync(","                local.npmtest_node_readability.__dirname + '/lib.npmtest_node_readability.js',","                'utf8'","            ).replace((/^#!/), '//');","        /* jslint-ignore-end */","        local.assetsDict['/favicon.ico'] = local.assetsDict['/favicon.ico'] || '';","        // if $npm_config_timeout_exit exists,","        // then exit this process after $npm_config_timeout_exit ms","        if (Number(process.env.npm_config_timeout_exit)) {","            setTimeout(process.exit, Number(process.env.npm_config_timeout_exit));","        }","        // start server","        if (local.global.utility2_serverHttp1) {","            break;","        }","        process.env.PORT = process.env.PORT || '8081';","        console.error('server starting on port ' + process.env.PORT);","        local.http.createServer(function (request, response) {","            request.urlParsed = local.url.parse(request.url);","            if (local.assetsDict[request.urlParsed.pathname] !== undefined) {","                response.end(local.assetsDict[request.urlParsed.pathname]);","                return;","            }","            response.statusCode = 404;","            response.end();","        }).listen(process.env.PORT);","        break;","    }","}());",""],"l":{"26":2,"28":2,"33":2,"35":2,"37":2,"38":2,"39":2,"44":1,"51":2,"55":2,"59":2,"61":2,"69":1,"70":2,"76":2,"79":2,"82":2,"83":2,"85":1,"89":2,"92":1,"93":1,"94":1,"96":1,"97":1,"100":1,"101":1,"103":1,"106":1,"108":2,"114":1,"116":1,"118":1,"123":1,"124":2,"125":2,"126":3,"127":3,"128":3,"129":3,"130":1,"133":3,"134":3,"139":3,"143":1,"144":3,"145":1,"149":1,"150":1,"158":1,"160":1,"161":1,"162":1,"164":1,"166":1,"258":1,"259":1,"271":1,"274":6,"275":6,"277":1,"279":2,"281":1,"283":2,"288":1,"289":1,"291":1,"296":1,"303":1,"306":1,"307":1,"310":1,"311":1,"313":1,"314":1,"315":1,"316":1,"317":1,"318":1,"319":1,"321":1,"322":1,"324":1}},"/home/travis/build/npmtest/node-npmtest-node-readability/node_modules/node-readability/src/readability.js":{"path":"/home/travis/build/npmtest/node-npmtest-node-readability/node_modules/node-readability/src/readability.js","s":{"1":1,"2":1,"3":1,"4":1,"5":1,"6":1,"7":1,"8":1,"9":1,"10":0,"11":0,"12":0,"13":0,"14":0,"15":0,"16":0,"17":0,"18":0,"19":0,"20":0,"21":0,"22":0,"23":0,"24":0,"25":0,"26":0,"27":0,"28":0,"29":1,"30":0,"31":0,"32":0,"33":0,"34":1,"35":0,"36":0,"37":0,"38":0,"39":0,"40":0,"41":0,"42":0,"43":0,"44":0,"45":0,"46":1,"47":0,"48":0,"49":0,"50":0,"51":0,"52":0,"53":0,"54":0,"55":0,"56":0,"57":0,"58":0,"59":0,"60":0,"61":0,"62":0,"63":0,"64":1,"65":0,"66":0,"67":0,"68":0,"69":0,"70":0,"71":0,"72":0,"73":0,"74":0,"75":0,"76":0,"77":0,"78":0,"79":0,"80":0,"81":0,"82":0,"83":1,"84":0,"85":0,"86":0,"87":1,"88":0,"89":0,"90":0,"91":1,"92":0,"93":0,"94":0,"95":0,"96":0,"97":0,"98":0,"99":0,"100":0,"101":0,"102":1,"103":0,"104":0,"105":0,"106":0,"107":0,"108":0,"109":0,"110":0,"111":0,"112":1,"113":0,"114":0,"115":0,"116":0,"117":0,"118":0,"119":0,"120":0,"121":0,"122":0,"123":0,"124":0,"125":0,"126":0,"127":0,"128":0,"129":0,"130":0,"131":0,"132":0,"133":0,"134":0,"135":0,"136":0,"137":0,"138":1,"139":0,"140":0,"141":0,"142":0,"143":0,"144":0,"145":0,"146":0,"147":0,"148":0,"149":0,"150":0,"151":0,"152":0,"153":0,"154":0,"155":0,"156":0,"157":0,"158":0,"159":0,"160":1,"161":1,"162":0,"163":0},"b":{"1":[0,0],"2":[0,0],"3":[0,0],"4":[0,0],"5":[0,0],"6":[0,0],"7":[0,0],"8":[0,0],"9":[0,0],"10":[0,0],"11":[0,0],"12":[0,0],"13":[0,0],"14":[0,0],"15":[0,0],"16":[0,0],"17":[0,0],"18":[0,0],"19":[0,0],"20":[0,0],"21":[0,0],"22":[0,0],"23":[0,0],"24":[0,0],"25":[0,0],"26":[0,0],"27":[0,0],"28":[0,0],"29":[0,0],"30":[0,0],"31":[0,0],"32":[0,0],"33":[0,0],"34":[0,0],"35":[0,0],"36":[0,0],"37":[0,0,0],"38":[0,0],"39":[0,0],"40":[0,0],"41":[0,0],"42":[0,0],"43":[0,0],"44":[0,0],"45":[0,0],"46":[0,0]},"f":{"1":1,"2":0,"3":0,"4":0,"5":0,"6":0,"7":0,"8":0,"9":0,"10":0,"11":0,"12":0,"13":0,"14":0,"15":0,"16":0,"17":0,"18":0,"19":0,"20":0,"21":0,"22":0},"fnMap":{"1":{"name":"(anonymous_1)","line":7,"loc":{"start":{"line":7,"column":16},"end":{"line":7,"column":32}}},"2":{"name":"Readability","line":13,"loc":{"start":{"line":13,"column":0},"end":{"line":13,"column":38}}},"3":{"name":"(anonymous_3)","line":29,"loc":{"start":{"line":29,"column":35},"end":{"line":29,"column":46}}},"4":{"name":"(anonymous_4)","line":32,"loc":{"start":{"line":32,"column":33},"end":{"line":32,"column":44}}},"5":{"name":"(anonymous_5)","line":35,"loc":{"start":{"line":35,"column":36},"end":{"line":35,"column":47}}},"6":{"name":"(anonymous_6)","line":38,"loc":{"start":{"line":38,"column":32},"end":{"line":38,"column":43}}},"7":{"name":"(anonymous_7)","line":41,"loc":{"start":{"line":41,"column":36},"end":{"line":41,"column":47}}},"8":{"name":"(anonymous_8)","line":46,"loc":{"start":{"line":46,"column":30},"end":{"line":46,"column":41}}},"9":{"name":"(anonymous_9)","line":54,"loc":{"start":{"line":54,"column":35},"end":{"line":54,"column":59}}},"10":{"name":"(anonymous_10)","line":74,"loc":{"start":{"line":74,"column":33},"end":{"line":74,"column":57}}},"11":{"name":"(anonymous_11)","line":87,"loc":{"start":{"line":87,"column":37},"end":{"line":87,"column":52}}},"12":{"name":"(anonymous_12)","line":102,"loc":{"start":{"line":102,"column":36},"end":{"line":102,"column":60}}},"13":{"name":"(anonymous_13)","line":127,"loc":{"start":{"line":127,"column":36},"end":{"line":127,"column":60}}},"14":{"name":"(anonymous_14)","line":134,"loc":{"start":{"line":134,"column":32},"end":{"line":134,"column":56}}},"15":{"name":"_findHTMLCharset","line":141,"loc":{"start":{"line":141,"column":0},"end":{"line":141,"column":38}}},"16":{"name":"_parseContentType","line":164,"loc":{"start":{"line":164,"column":0},"end":{"line":164,"column":32}}},"17":{"name":"read","line":187,"loc":{"start":{"line":187,"column":0},"end":{"line":187,"column":39}}},"18":{"name":"(anonymous_18)","line":203,"loc":{"start":{"line":203,"column":27},"end":{"line":203,"column":54}}},"19":{"name":"(anonymous_19)","line":223,"loc":{"start":{"line":223,"column":46},"end":{"line":223,"column":68}}},"20":{"name":"jsdomParse","line":233,"loc":{"start":{"line":233,"column":2},"end":{"line":233,"column":41}}},"21":{"name":"(anonymous_21)","line":242,"loc":{"start":{"line":242,"column":12},"end":{"line":242,"column":37}}},"22":{"name":"(anonymous_22)","line":274,"loc":{"start":{"line":274,"column":22},"end":{"line":274,"column":33}}}},"statementMap":{"1":{"start":{"line":1,"column":0},"end":{"line":1,"column":29}},"2":{"start":{"line":2,"column":0},"end":{"line":2,"column":33}},"3":{"start":{"line":3,"column":0},"end":{"line":3,"column":35}},"4":{"start":{"line":4,"column":0},"end":{"line":4,"column":38}},"5":{"start":{"line":5,"column":0},"end":{"line":5,"column":28}},"6":{"start":{"line":7,"column":0},"end":{"line":9,"column":2}},"7":{"start":{"line":8,"column":2},"end":{"line":8,"column":23}},"8":{"start":{"line":11,"column":0},"end":{"line":11,"column":21}},"9":{"start":{"line":13,"column":0},"end":{"line":44,"column":1}},"10":{"start":{"line":14,"column":2},"end":{"line":14,"column":24}},"11":{"start":{"line":15,"column":2},"end":{"line":15,"column":35}},"12":{"start":{"line":16,"column":2},"end":{"line":16,"column":23}},"13":{"start":{"line":18,"column":2},"end":{"line":18,"column":24}},"14":{"start":{"line":19,"column":2},"end":{"line":19,"column":28}},"15":{"start":{"line":20,"column":2},"end":{"line":20,"column":51}},"16":{"start":{"line":22,"column":2},"end":{"line":22,"column":18}},"17":{"start":{"line":24,"column":2},"end":{"line":24,"column":39}},"18":{"start":{"line":25,"column":2},"end":{"line":27,"column":4}},"19":{"start":{"line":29,"column":2},"end":{"line":31,"column":5}},"20":{"start":{"line":30,"column":4},"end":{"line":30,"column":33}},"21":{"start":{"line":32,"column":2},"end":{"line":34,"column":5}},"22":{"start":{"line":33,"column":4},"end":{"line":33,"column":31}},"23":{"start":{"line":35,"column":2},"end":{"line":37,"column":5}},"24":{"start":{"line":36,"column":4},"end":{"line":36,"column":34}},"25":{"start":{"line":38,"column":2},"end":{"line":40,"column":5}},"26":{"start":{"line":39,"column":4},"end":{"line":39,"column":30}},"27":{"start":{"line":41,"column":2},"end":{"line":43,"column":5}},"28":{"start":{"line":42,"column":4},"end":{"line":42,"column":34}},"29":{"start":{"line":46,"column":0},"end":{"line":52,"column":2}},"30":{"start":{"line":47,"column":2},"end":{"line":49,"column":3}},"31":{"start":{"line":48,"column":4},"end":{"line":48,"column":25}},"32":{"start":{"line":50,"column":2},"end":{"line":50,"column":22}},"33":{"start":{"line":51,"column":2},"end":{"line":51,"column":24}},"34":{"start":{"line":54,"column":0},"end":{"line":72,"column":2}},"35":{"start":{"line":55,"column":2},"end":{"line":57,"column":3}},"36":{"start":{"line":56,"column":4},"end":{"line":56,"column":95}},"37":{"start":{"line":58,"column":2},"end":{"line":60,"column":3}},"38":{"start":{"line":59,"column":4},"end":{"line":59,"column":41}},"39":{"start":{"line":62,"column":2},"end":{"line":62,"column":59}},"40":{"start":{"line":63,"column":2},"end":{"line":69,"column":3}},"41":{"start":{"line":64,"column":4},"end":{"line":64,"column":52}},"42":{"start":{"line":65,"column":4},"end":{"line":65,"column":63}},"43":{"start":{"line":66,"column":4},"end":{"line":68,"column":5}},"44":{"start":{"line":67,"column":6},"end":{"line":67,"column":51}},"45":{"start":{"line":71,"column":2},"end":{"line":71,"column":66}},"46":{"start":{"line":74,"column":0},"end":{"line":100,"column":2}},"47":{"start":{"line":75,"column":2},"end":{"line":77,"column":3}},"48":{"start":{"line":76,"column":4},"end":{"line":76,"column":91}},"49":{"start":{"line":78,"column":2},"end":{"line":80,"column":3}},"50":{"start":{"line":79,"column":4},"end":{"line":79,"column":39}},"51":{"start":{"line":82,"column":2},"end":{"line":82,"column":35}},"52":{"start":{"line":83,"column":2},"end":{"line":83,"column":18}},"53":{"start":{"line":84,"column":2},"end":{"line":84,"column":72}},"54":{"start":{"line":86,"column":2},"end":{"line":86,"column":18}},"55":{"start":{"line":87,"column":2},"end":{"line":93,"column":5}},"56":{"start":{"line":88,"column":4},"end":{"line":88,"column":37}},"57":{"start":{"line":89,"column":4},"end":{"line":92,"column":5}},"58":{"start":{"line":90,"column":6},"end":{"line":90,"column":66}},"59":{"start":{"line":90,"column":23},"end":{"line":90,"column":66}},"60":{"start":{"line":91,"column":6},"end":{"line":91,"column":39}},"61":{"start":{"line":95,"column":2},"end":{"line":97,"column":3}},"62":{"start":{"line":96,"column":4},"end":{"line":96,"column":53}},"63":{"start":{"line":99,"column":2},"end":{"line":99,"column":45}},"64":{"start":{"line":102,"column":0},"end":{"line":125,"column":1}},"65":{"start":{"line":103,"column":2},"end":{"line":105,"column":3}},"66":{"start":{"line":104,"column":4},"end":{"line":104,"column":97}},"67":{"start":{"line":106,"column":2},"end":{"line":108,"column":3}},"68":{"start":{"line":107,"column":4},"end":{"line":107,"column":43}},"69":{"start":{"line":110,"column":2},"end":{"line":110,"column":59}},"70":{"start":{"line":111,"column":2},"end":{"line":111,"column":49}},"71":{"start":{"line":112,"column":2},"end":{"line":112,"column":20}},"72":{"start":{"line":113,"column":2},"end":{"line":122,"column":3}},"73":{"start":{"line":114,"column":4},"end":{"line":114,"column":46}},"74":{"start":{"line":115,"column":4},"end":{"line":121,"column":5}},"75":{"start":{"line":116,"column":6},"end":{"line":116,"column":31}},"76":{"start":{"line":117,"column":6},"end":{"line":117,"column":42}},"77":{"start":{"line":118,"column":6},"end":{"line":118,"column":26}},"78":{"start":{"line":118,"column":17},"end":{"line":118,"column":26}},"79":{"start":{"line":119,"column":6},"end":{"line":119,"column":23}},"80":{"start":{"line":120,"column":6},"end":{"line":120,"column":58}},"81":{"start":{"line":120,"column":41},"end":{"line":120,"column":58}},"82":{"start":{"line":124,"column":2},"end":{"line":124,"column":52}},"83":{"start":{"line":127,"column":0},"end":{"line":132,"column":2}},"84":{"start":{"line":128,"column":2},"end":{"line":130,"column":3}},"85":{"start":{"line":129,"column":4},"end":{"line":129,"column":97}},"86":{"start":{"line":131,"column":2},"end":{"line":131,"column":24}},"87":{"start":{"line":134,"column":0},"end":{"line":139,"column":2}},"88":{"start":{"line":135,"column":2},"end":{"line":137,"column":3}},"89":{"start":{"line":136,"column":4},"end":{"line":136,"column":89}},"90":{"start":{"line":138,"column":2},"end":{"line":138,"column":66}},"91":{"start":{"line":141,"column":0},"end":{"line":162,"column":1}},"92":{"start":{"line":143,"column":2},"end":{"line":144,"column":25}},"93":{"start":{"line":146,"column":2},"end":{"line":148,"column":3}},"94":{"start":{"line":147,"column":4},"end":{"line":147,"column":20}},"95":{"start":{"line":150,"column":2},"end":{"line":155,"column":3}},"96":{"start":{"line":151,"column":4},"end":{"line":151,"column":62}},"97":{"start":{"line":152,"column":4},"end":{"line":154,"column":5}},"98":{"start":{"line":153,"column":6},"end":{"line":153,"column":56}},"99":{"start":{"line":157,"column":2},"end":{"line":159,"column":3}},"100":{"start":{"line":158,"column":4},"end":{"line":158,"column":51}},"101":{"start":{"line":161,"column":2},"end":{"line":161,"column":17}},"102":{"start":{"line":164,"column":0},"end":{"line":185,"column":1}},"103":{"start":{"line":165,"column":2},"end":{"line":167,"column":3}},"104":{"start":{"line":166,"column":4},"end":{"line":166,"column":14}},"105":{"start":{"line":168,"column":2},"end":{"line":170,"column":21}},"106":{"start":{"line":172,"column":2},"end":{"line":179,"column":3}},"107":{"start":{"line":173,"column":4},"end":{"line":173,"column":34}},"108":{"start":{"line":174,"column":4},"end":{"line":178,"column":5}},"109":{"start":{"line":175,"column":6},"end":{"line":177,"column":7}},"110":{"start":{"line":176,"column":8},"end":{"line":176,"column":29}},"111":{"start":{"line":181,"column":2},"end":{"line":184,"column":4}},"112":{"start":{"line":187,"column":0},"end":{"line":271,"column":1}},"113":{"start":{"line":188,"column":2},"end":{"line":191,"column":3}},"114":{"start":{"line":189,"column":4},"end":{"line":189,"column":23}},"115":{"start":{"line":190,"column":4},"end":{"line":190,"column":17}},"116":{"start":{"line":193,"column":2},"end":{"line":194,"column":38}},"117":{"start":{"line":196,"column":2},"end":{"line":196,"column":26}},"118":{"start":{"line":197,"column":2},"end":{"line":197,"column":28}},"119":{"start":{"line":199,"column":2},"end":{"line":199,"column":37}},"120":{"start":{"line":200,"column":2},"end":{"line":231,"column":3}},"121":{"start":{"line":201,"column":4},"end":{"line":201,"column":33}},"122":{"start":{"line":203,"column":4},"end":{"line":230,"column":7}},"123":{"start":{"line":204,"column":6},"end":{"line":206,"column":7}},"124":{"start":{"line":205,"column":8},"end":{"line":205,"column":29}},"125":{"start":{"line":208,"column":6},"end":{"line":208,"column":72}},"126":{"start":{"line":210,"column":6},"end":{"line":212,"column":7}},"127":{"start":{"line":211,"column":8},"end":{"line":211,"column":80}},"128":{"start":{"line":214,"column":6},"end":{"line":214,"column":104}},"129":{"start":{"line":216,"column":6},"end":{"line":218,"column":7}},"130":{"start":{"line":217,"column":8},"end":{"line":217,"column":76}},"131":{"start":{"line":220,"column":6},"end":{"line":220,"column":33}},"132":{"start":{"line":222,"column":6},"end":{"line":229,"column":7}},"133":{"start":{"line":223,"column":8},"end":{"line":226,"column":11}},"134":{"start":{"line":224,"column":10},"end":{"line":224,"column":40}},"135":{"start":{"line":224,"column":19},"end":{"line":224,"column":40}},"136":{"start":{"line":225,"column":10},"end":{"line":225,"column":40}},"137":{"start":{"line":228,"column":8},"end":{"line":228,"column":38}},"138":{"start":{"line":233,"column":2},"end":{"line":270,"column":3}},"139":{"start":{"line":234,"column":4},"end":{"line":236,"column":5}},"140":{"start":{"line":235,"column":6},"end":{"line":235,"column":29}},"141":{"start":{"line":238,"column":4},"end":{"line":238,"column":57}},"142":{"start":{"line":238,"column":34},"end":{"line":238,"column":57}},"143":{"start":{"line":239,"column":4},"end":{"line":239,"column":80}},"144":{"start":{"line":239,"column":15},"end":{"line":239,"column":80}},"145":{"start":{"line":240,"column":4},"end":{"line":269,"column":7}},"146":{"start":{"line":243,"column":8},"end":{"line":247,"column":9}},"147":{"start":{"line":244,"column":10},"end":{"line":244,"column":62}},"148":{"start":{"line":246,"column":10},"end":{"line":246,"column":45}},"149":{"start":{"line":249,"column":8},"end":{"line":252,"column":9}},"150":{"start":{"line":250,"column":10},"end":{"line":250,"column":25}},"151":{"start":{"line":251,"column":10},"end":{"line":251,"column":34}},"152":{"start":{"line":253,"column":8},"end":{"line":256,"column":9}},"153":{"start":{"line":254,"column":10},"end":{"line":254,"column":25}},"154":{"start":{"line":255,"column":10},"end":{"line":255,"column":63}},"155":{"start":{"line":258,"column":8},"end":{"line":267,"column":9}},"156":{"start":{"line":259,"column":10},"end":{"line":259,"column":61}},"157":{"start":{"line":262,"column":10},"end":{"line":262,"column":44}},"158":{"start":{"line":264,"column":10},"end":{"line":264,"column":25}},"159":{"start":{"line":265,"column":10},"end":{"line":265,"column":30}},"160":{"start":{"line":273,"column":0},"end":{"line":273,"column":22}},"161":{"start":{"line":274,"column":0},"end":{"line":277,"column":2}},"162":{"start":{"line":275,"column":2},"end":{"line":275,"column":118}},"163":{"start":{"line":276,"column":2},"end":{"line":276,"column":37}}},"branchMap":{"1":{"line":20,"type":"binary-expr","locations":[{"start":{"line":20,"column":24},"end":{"line":20,"column":43}},{"start":{"line":20,"column":47},"end":{"line":20,"column":49}}]},"2":{"line":47,"type":"if","locations":[{"start":{"line":47,"column":2},"end":{"line":47,"column":2}},{"start":{"line":47,"column":2},"end":{"line":47,"column":2}}]},"3":{"line":55,"type":"if","locations":[{"start":{"line":55,"column":2},"end":{"line":55,"column":2}},{"start":{"line":55,"column":2},"end":{"line":55,"column":2}}]},"4":{"line":58,"type":"if","locations":[{"start":{"line":58,"column":2},"end":{"line":58,"column":2}},{"start":{"line":58,"column":2},"end":{"line":58,"column":2}}]},"5":{"line":63,"type":"if","locations":[{"start":{"line":63,"column":2},"end":{"line":63,"column":2}},{"start":{"line":63,"column":2},"end":{"line":63,"column":2}}]},"6":{"line":66,"type":"if","locations":[{"start":{"line":66,"column":4},"end":{"line":66,"column":4}},{"start":{"line":66,"column":4},"end":{"line":66,"column":4}}]},"7":{"line":75,"type":"if","locations":[{"start":{"line":75,"column":2},"end":{"line":75,"column":2}},{"start":{"line":75,"column":2},"end":{"line":75,"column":2}}]},"8":{"line":78,"type":"if","locations":[{"start":{"line":78,"column":2},"end":{"line":78,"column":2}},{"start":{"line":78,"column":2},"end":{"line":78,"column":2}}]},"9":{"line":89,"type":"if","locations":[{"start":{"line":89,"column":4},"end":{"line":89,"column":4}},{"start":{"line":89,"column":4},"end":{"line":89,"column":4}}]},"10":{"line":90,"type":"if","locations":[{"start":{"line":90,"column":6},"end":{"line":90,"column":6}},{"start":{"line":90,"column":6},"end":{"line":90,"column":6}}]},"11":{"line":95,"type":"if","locations":[{"start":{"line":95,"column":2},"end":{"line":95,"column":2}},{"start":{"line":95,"column":2},"end":{"line":95,"column":2}}]},"12":{"line":95,"type":"binary-expr","locations":[{"start":{"line":95,"column":6},"end":{"line":95,"column":17}},{"start":{"line":95,"column":21},"end":{"line":95,"column":44}}]},"13":{"line":103,"type":"if","locations":[{"start":{"line":103,"column":2},"end":{"line":103,"column":2}},{"start":{"line":103,"column":2},"end":{"line":103,"column":2}}]},"14":{"line":106,"type":"if","locations":[{"start":{"line":106,"column":2},"end":{"line":106,"column":2}},{"start":{"line":106,"column":2},"end":{"line":106,"column":2}}]},"15":{"line":113,"type":"if","locations":[{"start":{"line":113,"column":2},"end":{"line":113,"column":2}},{"start":{"line":113,"column":2},"end":{"line":113,"column":2}}]},"16":{"line":118,"type":"if","locations":[{"start":{"line":118,"column":6},"end":{"line":118,"column":6}},{"start":{"line":118,"column":6},"end":{"line":118,"column":6}}]},"17":{"line":120,"type":"if","locations":[{"start":{"line":120,"column":6},"end":{"line":120,"column":6}},{"start":{"line":120,"column":6},"end":{"line":120,"column":6}}]},"18":{"line":128,"type":"if","locations":[{"start":{"line":128,"column":2},"end":{"line":128,"column":2}},{"start":{"line":128,"column":2},"end":{"line":128,"column":2}}]},"19":{"line":135,"type":"if","locations":[{"start":{"line":135,"column":2},"end":{"line":135,"column":2}},{"start":{"line":135,"column":2},"end":{"line":135,"column":2}}]},"20":{"line":146,"type":"if","locations":[{"start":{"line":146,"column":2},"end":{"line":146,"column":2}},{"start":{"line":146,"column":2},"end":{"line":146,"column":2}}]},"21":{"line":150,"type":"if","locations":[{"start":{"line":150,"column":2},"end":{"line":150,"column":2}},{"start":{"line":150,"column":2},"end":{"line":150,"column":2}}]},"22":{"line":152,"type":"if","locations":[{"start":{"line":152,"column":4},"end":{"line":152,"column":4}},{"start":{"line":152,"column":4},"end":{"line":152,"column":4}}]},"23":{"line":153,"type":"binary-expr","locations":[{"start":{"line":153,"column":17},"end":{"line":153,"column":27}},{"start":{"line":153,"column":31},"end":{"line":153,"column":33}}]},"24":{"line":157,"type":"if","locations":[{"start":{"line":157,"column":2},"end":{"line":157,"column":2}},{"start":{"line":157,"column":2},"end":{"line":157,"column":2}}]},"25":{"line":157,"type":"binary-expr","locations":[{"start":{"line":157,"column":6},"end":{"line":157,"column":14}},{"start":{"line":157,"column":19},"end":{"line":157,"column":70}}]},"26":{"line":158,"type":"binary-expr","locations":[{"start":{"line":158,"column":15},"end":{"line":158,"column":22}},{"start":{"line":158,"column":26},"end":{"line":158,"column":28}}]},"27":{"line":165,"type":"if","locations":[{"start":{"line":165,"column":2},"end":{"line":165,"column":2}},{"start":{"line":165,"column":2},"end":{"line":165,"column":2}}]},"28":{"line":174,"type":"if","locations":[{"start":{"line":174,"column":4},"end":{"line":174,"column":4}},{"start":{"line":174,"column":4},"end":{"line":174,"column":4}}]},"29":{"line":175,"type":"if","locations":[{"start":{"line":175,"column":6},"end":{"line":175,"column":6}},{"start":{"line":175,"column":6},"end":{"line":175,"column":6}}]},"30":{"line":182,"type":"binary-expr","locations":[{"start":{"line":182,"column":15},"end":{"line":182,"column":23}},{"start":{"line":182,"column":27},"end":{"line":182,"column":29}}]},"31":{"line":183,"type":"binary-expr","locations":[{"start":{"line":183,"column":14},"end":{"line":183,"column":21}},{"start":{"line":183,"column":25},"end":{"line":183,"column":32}}]},"32":{"line":188,"type":"if","locations":[{"start":{"line":188,"column":2},"end":{"line":188,"column":2}},{"start":{"line":188,"column":2},"end":{"line":188,"column":2}}]},"33":{"line":200,"type":"if","locations":[{"start":{"line":200,"column":2},"end":{"line":200,"column":2}},{"start":{"line":200,"column":2},"end":{"line":200,"column":2}}]},"34":{"line":204,"type":"if","locations":[{"start":{"line":204,"column":6},"end":{"line":204,"column":6}},{"start":{"line":204,"column":6},"end":{"line":204,"column":6}}]},"35":{"line":210,"type":"if","locations":[{"start":{"line":210,"column":6},"end":{"line":210,"column":6}},{"start":{"line":210,"column":6},"end":{"line":210,"column":6}}]},"36":{"line":211,"type":"binary-expr","locations":[{"start":{"line":211,"column":31},"end":{"line":211,"column":55}},{"start":{"line":211,"column":59},"end":{"line":211,"column":79}}]},"37":{"line":214,"type":"binary-expr","locations":[{"start":{"line":214,"column":30},"end":{"line":214,"column":46}},{"start":{"line":214,"column":50},"end":{"line":214,"column":70}},{"start":{"line":214,"column":74},"end":{"line":214,"column":81}}]},"38":{"line":216,"type":"if","locations":[{"start":{"line":216,"column":6},"end":{"line":216,"column":6}},{"start":{"line":216,"column":6},"end":{"line":216,"column":6}}]},"39":{"line":222,"type":"if","locations":[{"start":{"line":222,"column":6},"end":{"line":222,"column":6}},{"start":{"line":222,"column":6},"end":{"line":222,"column":6}}]},"40":{"line":224,"type":"if","locations":[{"start":{"line":224,"column":10},"end":{"line":224,"column":10}},{"start":{"line":224,"column":10},"end":{"line":224,"column":10}}]},"41":{"line":234,"type":"if","locations":[{"start":{"line":234,"column":4},"end":{"line":234,"column":4}},{"start":{"line":234,"column":4},"end":{"line":234,"column":4}}]},"42":{"line":238,"type":"if","locations":[{"start":{"line":238,"column":4},"end":{"line":238,"column":4}},{"start":{"line":238,"column":4},"end":{"line":238,"column":4}}]},"43":{"line":239,"type":"if","locations":[{"start":{"line":239,"column":4},"end":{"line":239,"column":4}},{"start":{"line":239,"column":4},"end":{"line":239,"column":4}}]},"44":{"line":243,"type":"if","locations":[{"start":{"line":243,"column":8},"end":{"line":243,"column":8}},{"start":{"line":243,"column":8},"end":{"line":243,"column":8}}]},"45":{"line":249,"type":"if","locations":[{"start":{"line":249,"column":8},"end":{"line":249,"column":8}},{"start":{"line":249,"column":8},"end":{"line":249,"column":8}}]},"46":{"line":253,"type":"if","locations":[{"start":{"line":253,"column":8},"end":{"line":253,"column":8}},{"start":{"line":253,"column":8},"end":{"line":253,"column":8}}]}},"code":["var jsdom = require('jsdom');","var request = require('request');","var helpers = require('./helpers');","var encodinglib = require(\"encoding\");","var urllib = require('url');","","exports.debug = function(debug) {","  helpers.debug(debug);","};","","exports.debug(false);","","function Readability(window, options) {","  this._window = window;","  this._document = window.document;","  this.iframeLoads = 0;","  // Cache the body HTML in case we need to re-use it later","  this.bodyCache = null;","  this._articleContent = '';","  helpers.setCleanRules(options.cleanRulers || []);","","  this.cache = {};","","  helpers.prepDocument(this._document);","  this.cache = {","    'body': this._document.body.innerHTML","  };","","  this.__defineGetter__('content', function() {","    return this.getContent(true);","  });","  this.__defineGetter__('title', function() {","    return this.getTitle(true);","  });","  this.__defineGetter__('textBody', function() {","    return this.getTextBody(true);","  });","  this.__defineGetter__('html', function() {","    return this.getHTML(true);","  });","  this.__defineGetter__('document', function() {","    return this.getDocument(true);","  });","}","","Readability.prototype.close = function() {","  if (this._window) {","    this._window.close();","  }","  this._window = null;","  this._document = null;","};","","Readability.prototype.getContent = function(notDeprecated) {","  if (!notDeprecated) {","    console.warn('The method `getContent()` is deprecated, using `content` property instead.');","  }","  if (typeof this.cache['article-content'] !== 'undefined') {","    return this.cache['article-content'];","  }","","  var articleContent = helpers.grabArticle(this._document);","  if (helpers.getInnerText(articleContent, false) === '') {","    this._document.body.innerHTML = this.cache.body;","    articleContent = helpers.grabArticle(this._document, true);","    if (helpers.getInnerText(articleContent, false) === '') {","      return this.cache['article-content'] = false;","    }","  }","","  return this.cache['article-content'] = articleContent.innerHTML;","};","","Readability.prototype.getTitle = function(notDeprecated) {","  if (!notDeprecated) {","    console.warn('The method `getTitle()` is deprecated, using `title` property instead.');","  }","  if (typeof this.cache['article-title'] !== 'undefined') {","    return this.cache['article-title'];","  }","","  var title = this._document.title;","  var betterTitle;","  var commonSeparatingCharacters = [' | ', ' _ ', ' - ', '«', '»', '—'];","","  var self = this;","  commonSeparatingCharacters.forEach(function(char) {","    var tmpArray = title.split(char);","    if (tmpArray.length > 1) {","      if (betterTitle) return self.cache['article-title'] = title;","      betterTitle = tmpArray[0].trim();","    }","  });","","  if (betterTitle && betterTitle.length > 10) {","    return this.cache['article-title'] = betterTitle;","  }","","  return this.cache['article-title'] = title;","};","","Readability.prototype.getTextBody = function(notDeprecated) {","  if (!notDeprecated) {","    console.warn('The method `getTextBody()` is deprecated, using `textBody` property instead.');","  }","  if (typeof this.cache['article-text-body'] !== 'undefined') {","    return this.cache['article-text-body'];","  }","","  var articleContent = helpers.grabArticle(this._document);","  var rootElement = articleContent.childNodes[0];","  var textBody = '';","  if (rootElement) {","    var textElements = rootElement.childNodes;","    for (var i = 0; i < textElements.length; i++) {","      var el = textElements[i];","      var text = helpers.getInnerText(el);","      if (!text) continue;","      textBody += text;","      if ((i + 1) < textElements.length) textBody += '\\n';","    }","  }","","  return this.cache['article-text-body'] = textBody;","}","","Readability.prototype.getDocument = function(notDeprecated) {","  if (!notDeprecated) {","    console.warn('The method `getDocument()` is deprecated, using `document` property instead.');","  }","  return this._document;","};","","Readability.prototype.getHTML = function(notDeprecated) {","  if (!notDeprecated) {","    console.warn('The method `getHTML()` is deprecated, using `html` property instead.');","  }","  return this._document.getElementsByTagName('html')[0].innerHTML;","};","","function _findHTMLCharset(htmlbuffer) {","","  var body = htmlbuffer.toString(\"ascii\"),","    input, meta, charset;","","  if (meta = body.match(/<meta\\s+http-equiv=[\"']content-type[\"'][^>]*?>/i)) {","    input = meta[0];","  }","","  if (input) {","    charset = input.match(/charset\\s?=\\s?([a-zA-Z\\-0-9]*);?/);","    if (charset) {","      charset = (charset[1] || \"\").trim().toLowerCase();","    }","  }","","  if (!charset && (meta = body.match(/<meta\\s+charset=[\"'](.*?)[\"']/i))) {","    charset = (meta[1] || \"\").trim().toLowerCase();","  }","","  return charset;","}","","function _parseContentType(str) {","  if (!str) {","    return {};","  }","  var parts = str.split(\";\"),","    mimeType = parts.shift(),","    charset, chparts;","","  for (var i = 0, len = parts.length; i < len; i++) {","    chparts = parts[i].split(\"=\");","    if (chparts.length > 1) {","      if (chparts[0].trim().toLowerCase() == \"charset\") {","        charset = chparts[1];","      }","    }","  }","","  return {","    mimeType: (mimeType || \"\").trim().toLowerCase(),","    charset: (charset || \"UTF-8\").trim().toLowerCase() // defaults to UTF-8","  };","}","","function read(html, options, callback) {","  if (typeof options === 'function') {","    callback = options;","    options = {};","  }","","  var overrideEncoding = options.encoding,","      preprocess = options.preprocess;","","  options.encoding = null;","  delete options.preprocess;","","  var parsedURL = urllib.parse(html);","  if (['http:', 'https:', 'unix:', 'ftp:', 'sftp:'].inde
[...]
ewNode.innerHTML = node.innerHTML;","        node.parentNode.replaceChild(newNode, node);","      } else {","        // EXPERIMENTAL","        Array.prototype.slice.call(node.childNodes).forEach(function(childNode) {","          if (childNode.nodeType == 3 /*TEXT_NODE*/ ) {","            // use span instead of p. Need more tests.","            dbg(\"replacing text node with a span tag with the same content.\");","            var span = document.createElement('span');","            span.innerHTML = childNode.nodeValue;","            childNode.parentNode.replaceChild(span, childNode);","          }","        });","      }","    }","  }","","  /**","   * Loop through all paragraphs, and assign a score to them based on how content-y they look.","   * Then add their score to their parent node.","   *","   * A score is determined by things like number of commas, class names, etc. Maybe eventually link density.","   **/","  var allParagraphs = document.getElementsByTagName(\"p\");","  var candidates = [];","","  for (var i = 0; i < allParagraphs.length; ++i) {","    var paragraph = allParagraphs[i];","    var parentNode = paragraph.parentNode;","    var grandParentNode = parentNode.parentNode;","    var innerText = getInnerText(paragraph);","","    // If this paragraph is less than 25 characters, don't even count it.","    if (innerText.length < 25) continue;","","    // Initialize readability data for the parent.","    if (typeof parentNode.readability == 'undefined') {","      initializeNode(parentNode);","      candidates.push(parentNode);","    }","","    // Initialize readability data for the grandparent.","    if (typeof grandParentNode.readability == 'undefined') {","      initializeNode(grandParentNode);","      candidates.push(grandParentNode);","    }","","    var contentScore = 0;","","    // Add a point for the paragraph itself as a base. */","    ++contentScore;","","    // Add points for any commas within this paragraph */","    contentScore += innerText.replace('，', ',').split(',').length;","","    // For every 100 characters in this paragraph, add another point. Up to 3 points. */","    contentScore += Math.min(Math.floor(innerText.length / 100), 3);","","    // Add the score to the parent. The grandparent gets half. */","    parentNode.readability.contentScore += contentScore;","    grandParentNode.readability.contentScore += contentScore / 2;","  }","","","  /**","   * After we've calculated scores, loop through all of the possible candidate nodes we found","   * and find the one with the highest score.","   **/","  var topCandidate = null;","  candidates.forEach(function(candidate) {","    /**","     * Scale the final candidates score based on link density. Good content should have a","     * relatively small link density (5% or less) and be mostly unaffected by this operation.","     **/","    candidate.readability.contentScore = candidate.readability.contentScore * (1 - getLinkDensity(candidate));","","    dbg('Candidate: ' + candidate + \" (\" + candidate.className + \":\" + candidate.id + \") with score \" + candidate.readability.contentScore);","","    if (!topCandidate || candidate.readability.contentScore > topCandidate.readability.contentScore) topCandidate = candidate;","  });","","  /**","   * If we still have no top candidate, just use the body as a last resort.","   * We also have to copy the body node so it is something we can modify.","   **/","  if (topCandidate === null || topCandidate.tagName === 'BODY') {","    // With no top candidate, bail out if no body tag exists as last resort.","    if (!document.body) {","      return new Error('No body tag was found.');","    }","    topCandidate = document.createElement('DIV');","    topCandidate.innerHTML = document.body.innerHTML;","    document.body.innerHTML = '';","    document.body.appendChild(topCandidate);","    initializeNode(topCandidate);","  }","","","  /**","   * Now that we have the top candidate, look through its siblings for content that might also be related.","   * Things like preambles, content split by ads that we removed, etc.","   **/","  var articleContent = document.createElement('DIV');","  articleContent.id = 'readability-content';","  var siblingScoreThreshold = Math.max(10, topCandidate.readability.contentScore * 0.2);","  var siblingNodes = topCandidate.parentNode.childNodes;","  for (var i = 0, il = siblingNodes.length; i < il; i++) {","    var siblingNode = siblingNodes[i];","    var append = false;","","    dbg('Looking at sibling node: ' + siblingNode + ' (' + siblingNode.className + ':' + siblingNode.id + ')' + ((typeof siblingNode.readability != 'undefined') ? (' with score ' + siblingNode.readability.contentScore) : ''));","    dbg('Sibling has score ' + (siblingNode.readability ? siblingNode.readability.contentScore : 'Unknown'));","","    if (siblingNode === topCandidate) {","      append = true;","    }","","    if (typeof siblingNode.readability != 'undefined' && siblingNode.readability.contentScore >= siblingScoreThreshold) {","      append = true;","    }","","    if (siblingNode.nodeName == 'P') {","      var linkDensity = getLinkDensity(siblingNode);","      var nodeContent = getInnerText(siblingNode);","      var nodeLength = nodeContent.length;","","      if (nodeLength > 80 && linkDensity < 0.25) {","        append = true;","      } else if (nodeLength < 80 && linkDensity === 0 && nodeContent.search(/\\.( |$)/) !== -1) {","        append = true;","      }","    }","","    if (append) {","      dbg(\"Appending node: \" + siblingNode);","","      /* Append sibling and subtract from our list because it removes the node when you append to another node */","      articleContent.appendChild(siblingNode);","      i--;","      il--;","    }","  }","","  /**","   * So we have all of the content that we need. Now we clean it up for presentation.","   **/","  prepArticle(articleContent);","","  return articleContent;","};","","/**"," * Remove the style attribute on every e and under."," *"," * @param Element"," * @return void"," **/","function cleanStyles(e) {","  if (!e) return;","","","  // Remove any root styles, if we're able.","  if (typeof e.removeAttribute == 'function' && e.className != 'readability-styled') e.removeAttribute('style');","","  // Go until there are no more child nodes","  var cur = e.firstChild;","  while (cur) {","    if (cur.nodeType == 1) {","      // Remove style attribute(s) :","      if (cur.className != \"readability-styled\") {","        cur.removeAttribute(\"style\");","      }","      cleanStyles(cur);","    }","    cur = cur.nextSibling;","  }","}","","/**"," * Remove extraneous break tags from a node."," *"," * @param Element"," * @return void"," **/","function killBreaks(e) {","  e.innerHTML = e.innerHTML.replace(regexps.killBreaksRe, '<br />');","}","","","/**"," * Get the inner text of a node - cross browser compatibly."," * This also strips out any excess whitespace to be found."," *"," * @param Element"," * @return string"," **/","getInnerText = exports.getInnerText = function(e, normalizeSpaces) {","  var textContent = \"\";","","  normalizeSpaces = (typeof normalizeSpaces == 'undefined') ? true : normalizeSpaces;","","  textContent = e.textContent.trim();","","  if (normalizeSpaces) return textContent.replace(regexps.normalizeRe, \" \");","  else return textContent;","}","","/**"," * Get the number of times a string s appears in the node e."," *"," * @param Element"," * @param string - what to split on. Default is \",\""," * @return number (integer)"," **/","function getCharCount(e, s) {","  s = s || \",\";","  return getInnerText(e).split(s).length;","}","","/**"," * Get the density of links as a percentage of the content"," * This is the amount of text that is inside a link divided by the total text in the node."," *"," * @param Element"," * @return number (float)"," **/","function getLinkDensity(e) {","  var links = e.getElementsByTagName(\"a\");","","  var textLength = getInnerText(e).length;","  var linkLength = 0;","  for (var i = 0, il = links.length; i < il; i++) {","    var href = links[i].getAttribute('href');","    // hack for <h2><a href=\"#menu\"></a></h2> / <h2><a></a></h2>","    if (!href || (href.length > 0 && href[0] === '#')) continue;","    linkLength += getInnerText(links[i]).length;","  }","  return linkLength / textLength;","}","","/**"," * Get an elements class/id weight. Uses regular expressions to tell if this"," * element looks good or bad."," *"," * @param Element"," * @return number (Integer)"," **/","function getClassWeight(e) {","  var weight = 0;","","  /* Look for a special classname */","  if (e.className !== '') {","    if (e.className.search(regexps.negativeRe) !== -1) weight -= 25;","","    if (e.className.search(regexps.positiveRe) !== -1) weight += 25;","  }","","  /* Look for a special ID */","  if (typeof(e.id) == 'string' && e.id != \"\") {","    if (e.id.search(regexps.negativeRe) !== -1) weight -= 25;","","    if (e.id.search(regexps.positiveRe) !== -1) weight += 25;","  }","","  return weight;","}","","/**"," * Clean a node of all elements of type \"tag\"."," * (Unless it's a youtube/vimeo video. People love movies.)"," *"," * @param Element"," * @param string tag to clean"," * @return void"," **/","function clean(e, tag) {","  var targetList = e.getElementsByTagName(tag);","  var isEmbed = (tag == 'object' || tag == 'embed');","","","","  for (var y = targetList.length - 1; y >= 0; y--) {","    //------- user clean handler -----------------","    var validRule = false;","    for (var i = 0; i < cleanRules.length; i++) {","      if (cleanRules[i](targetList[y], tag) === true) {","        validRule = true;","        break;","      }","    }","","    if (validRule) {","      continue;","    }","    //------- end user clean handler -----------------","","    /* Allow youtube and vimeo videos through as people usually want to see those. */","    if (isEmbed) {","      if (targetList[y].innerHTML.search(regexps.videoRe) !== -1) {","        continue;","      }","    }","","    targetList[y].parentNode.removeChild(targetList[y]);","  }","}","","/**"," * Clean an element of all tags of type \"tag\" if they look fishy."," * \"Fishy\" is an algorithm based on content length, classnames, link density, number of images & embeds, etc."," *"," * @return void"," **/","function cleanConditionally(e, tag) {","  var tagsList = e.getElementsByTagName(tag);","  var curTagsLength = tagsList.length;","","  /**","   * Gather counts for other typical elements embedded within.","   * Traverse backwards so we can remove nodes at the same time without effecting the traversal.","   *","   * TODO: Consider taking into account original contentScore here.","   **/","  for (var i = curTagsLength - 1; i >= 0; i--) {","    var weight = getClassWeight(tagsList[i]);","","    dbg(\"Cleaning Conditionally \" + tagsList[i] + \" (\" + tagsList[i].className + \":\" + tagsList[i].id + \")\" + ((typeof tagsList[i].readability != 'undefined') ? (\" with score \" + tagsList[i].readability.contentScore) : ''));","","    if (weight < 0) {","      tagsList[i].parentNode.removeChild(tagsList[i]);","    } else if (getCharCount(tagsList[i], ',') < 10) {","      /**","       * If there are not very many commas, and the number of","       * non-paragraph elements is more than paragraphs or other ominous signs, remove the element.","       **/","","      var p = tagsList[i].getElementsByTagName(\"p\").length;","      var img = tagsList[i].getElementsByTagName(\"img\").length;","      var li = tagsList[i].getElementsByTagName(\"li\").length - 100;","      var input = tagsList[i].getElementsByTagName(\"input\").length;","","      var embedCount = 0;","      var embeds = tagsList[i].getElementsByTagName(\"embed\");","      for (var ei = 0, il = embeds.length; ei < il; ei++) {","        if (embeds[ei].src && embeds[ei].src.search(regexps.videoRe) == -1) {","          embedCount++;","        }","      }","","      var linkDensity = getLinkDensity(tagsList[i]);","      var contentLength = getInnerText(tagsList[i]).length;","      var toRemove = false;","","      if (img > p && img > 1) {","        toRemove = true;","      } else if (li > p && tag != \"ul\" && tag != \"ol\") {","        toRemove = true;","      } else if (input > Math.floor(p / 3)) {","        toRemove = true;","      } else if (contentLength < 25 && (img == 0 || img > 2)) {","        toRemove = true;","      } else if (weight < 25 && linkDensity > .2) {","        toRemove = true;","      } else if (weight >= 25 && linkDensity > .5) {","        toRemove = true;","      } else if ((embedCount == 1 && contentLength < 75) || embedCount > 1) {","        toRemove = true;","      }","","      if (toRemove) {","        tagsList[i].parentNode.removeChild(tagsList[i]);","      }","    }","  }","}","","","/**"," * Converts relative urls to absolute for images and links"," **/","function fixLinks(e) {","  if (!e.ownerDocument.originalURL) {","    return;","  }","","  function fixLink(link) {","    var fixed = url.resolve(e.ownerDocument.originalURL, link);","    return fixed;","  }","","  var i;","  var imgs = e.getElementsByTagName('img');","  for (i = imgs.length - 1; i >= 0; --i) {","    var src = imgs[i].getAttribute('src');","    if (src) {","      imgs[i].setAttribute('src', fixLink(src));","    }","  }","","  var as = e.getElementsByTagName('a');","  for (i = as.length - 1; i >= 0; --i) {","    var href = as[i].getAttribute('href');","    if (href) {","      as[i].setAttribute('href', fixLink(href));","    }","  }","}","","/**"," * Clean out spurious headers from an Element. Checks things like classnames and link density."," *"," * @param Element"," * @return void"," **/","function cleanHeaders(e) {","  for (var headerIndex = 1; headerIndex < 7; headerIndex++) {","    var headers = e.getElementsByTagName('h' + headerIndex);","    for (var i = headers.length - 1; i >= 0; --i) {","      if (getClassWeight(headers[i]) < 0 || getLinkDensity(headers[i]) > 0.33) {","        headers[i].parentNode.removeChild(headers[i]);","      }","    }","  }","}","","/**"," * Remove the header that doesn't have next sibling."," *"," * @param Element"," * @return void"," **/","","function cleanSingleHeader(e) {","  for (var headerIndex = 1; headerIndex < 7; headerIndex++) {","    var headers = e.getElementsByTagName('h' + headerIndex);","    for (var i = headers.length - 1; i >= 0; --i) {","      if (headers[i].nextSibling === null) {","        headers[i].parentNode.removeChild(headers[i]);","      }","    }","  }","","}","","function prepArticle(articleContent) {","  cleanStyles(articleContent);","  killBreaks(articleContent);","","  /* Clean out junk from the article content */","  clean(articleContent, 'form');","  clean(articleContent, 'object');","  if (articleContent.getElementsByTagName('h1').length === 1) {","    clean(articleContent, 'h1');","  }","  /**","   * If there is only one h2, they are probably using it","   * as a header and not a subheader, so remove it since we already have a header.","   ***/","  if (articleContent.getElementsByTagName('h2').length === 1) clean(articleContent, \"h2\");","","  clean(articleContent, \"iframe\");","","  cleanHeaders(articleContent);","","  /* Do these last as the previous stuff may have removed junk that will affect these */","  cleanConditionally(articleContent, \"table\");","  cleanConditionally(articleContent, \"ul\");","  cleanConditionally(articleContent, \"div\");","","  /* Remove extra paragraphs */","  var articleParagraphs = articleContent.getElementsByTagName('p');","  for (var i = articleParagraphs.length - 1; i >= 0; i--) {","    var imgCount = articleParagraphs[i].getElementsByTagName('img').length;","    var embedCount = articleParagraphs[i].getElementsByTagName('embed').length;","    var objectCount = articleParagraphs[i].getElementsByTagName('object').length;","","    if (imgCount == 0 && embedCount == 0 && objectCount == 0 && getInnerText(articleParagraphs[i], false) == '') {","      articleParagraphs[i].parentNode.removeChild(articleParagraphs[i]);","    }","  }","","  cleanSingleHeader(articleContent);","","  try {","    articleContent.innerHTML = articleContent.innerHTML.replace(/<br[^>]*>\\s*<p/gi, '<p');","  } catch (e) {","    dbg(\"Cleaning innerHTML of breaks failed. This is an IE strict-block-elements bug. Ignoring.\");","  }","","  fixLinks(articleContent);","}","","/**"," * Initialize a node with the readability object. Also checks the"," * className/id for special names to add to its score."," *"," * @param Element"," * @return void"," **/","function initializeNode(node) {","  node.readability = { contentScore: 0 };","","  switch (node.tagName) {","    case 'ARTICLE':","      node.readability.contentScore += 10;","      break;","","    case 'SECTION':","      node.readability.contentScore += 8;","      break;","","    case 'DIV':","      node.readability.contentScore += 5;","      break;","","    case 'PRE':","    case 'TD':","    case 'BLOCKQUOTE':","      node.readability.contentScore += 3;","      break;","","    case 'ADDRESS':","    case 'OL':","    case 'UL':","    case 'DL':","    case 'DD':","    case 'DT':","    case 'LI':","    case 'FORM':","      node.readability.contentScore -= 3;","      break;","","    case 'H1':","    case 'H2':","    case 'H3':","    case 'H4':","    case 'H5':","    case 'H6':","    case 'TH':","      node.readability.contentScore -= 5;","      break;","  }","","  if (node.attributes.itemscope) {","    node.readability.contentScore += 5;","    if (node.attributes.itemtype &&","        /blog|post|article/i.test(node.getAttribute('itemtype'))) {","      node.readability.contentScore += 30;","    }","  }","","  node.readability.contentScore += getClassWeight(node);","}",""],"l":{"1":1,"4":1,"18":1,"19":1,"20":1,"23":1,"25":1,"26":0,"35":1,"36":0,"37":0,"38":0,"39":0,"41":0,"42":0,"43":0,"44":0,"45":0,"46":0,"49":0,"50":0,"51":0,"55":0,"56":0,"57":0,"58":0,"59":0,"61":0,"62":0,"63":0,"79":1,"87":0,"88":0,"89":0,"91":0,"92":0,"93":0,"94":0,"95":0,"96":0,"97":0,"102":0,"103":0,"104":0,"105":0,"106":0,"107":0,"110":0,"111":0,"113":0,"114":0,"115":0,"116":0,"129":0,"130":0,"132":0,"133":0,"134":0,"135":0,"136":0,"139":0,"142":0,"143":0,"144":0,"148":0,"149":0,"150":0,"153":0,"156":0,"159":0,"162":0,"165":0,"166":0,"174":0,"175":0,"180":0,"182":0,"184":0,"191":0,"193":0,"194":0,"196":0,"197":0,"198":0,"199":0,"200":0,"208":0,"209":0,"210":0,"211":0,"212":0,"213":0,"214":0,"216":0,"217":0,"219":0,"220":0,"223":0,"224":0,"227":0,"228":0,"229":0,"230":0,"232":0,"233":0,"234":0,"235":0,"239":0,"240":0,"243":0,"244":0,"245":0,"252":0,"254":0,"263":1,"264":0,"268":0,"271":0,"272":0,"273":0,"275":0,"276":0,"278":0,"280":0,"290":1,"291":0,"302":1,"303":0,"305":0,"307":0,"309":0,"310":0,"320":1,"321":0,"322":0,"332":1,"333":0,"335":0,"336":0,"337":0,"338":0,"340":0,"341":0,"343":0,"353":1,"354":0,"357":0,"358":0,"360":0,"364":0,"365":0,"367":0,"370":0,"381":1,"382":0,"383":0,"387":0,"389":0,"390":0,"391":0,"392":0,"393":0,"397":0,"398":0,"403":0,"404":0,"405":0,"409":0,"419":1,"420":0,"421":0,"429":0,"430":0,"432":0,"434":0,"435":0,"436":0,"442":0,"443":0,"444":0,"445":0,"447":0,"448":0,"449":0,"450":0,"451":0,"455":0,"456":0,"457":0,"459":0,"460":0,"461":0,"462":0,"463":0,"464":0,"465":0,"466":0,"467":0,"468":0,"469":0,"470":0,"471":0,"472":0,"475":0,"476":0,"486":1,"487":0,"488":0,"491":1,"492":0,"493":0,"496":0,"497":0,"498":0,"499":0,"500":0,"501":0,"505":0,"506":0,"507":0,"508":0,"509":0,"520":1,"521":0,"522":0,"523":0,"524":0,"525":0,"538":1,"539":0,"540":0,"541":0,"542":0,"543":0,"550":1,"551":0,"552":0,"555":0,"556":0,"557":0,"558":0,"564":0,"566":0,"568":0,"571":0,"572":0,"573":0,"576":0,"577":0,"578":0,"579":0,"580":0,"582":0,"583":0,"587":0,"589":0,"590":0,"592":0,"595":0,"605":1,"606":0,"608":0,"610":0,"611":0,"614":0,"615":0,"618":0,"619":0,"624":0,"625":0,"635":0,"636":0,"645":0,"646":0,"649":0,"650":0,"651":0,"653":0,"657":0}}}